{"D:\\Code\\VSCode_Project\\StudyFlowNote\\backend\\src\\app.module.ts": {"path":"D:\\Code\\VSCode_Project\\StudyFlowNote\\backend\\src\\app.module.ts","statementMap":{"0":{"start":{"line":1,"column":0},"end":{"line":1,"column":40}},"1":{"start":{"line":2,"column":0},"end":{"line":2,"column":46}},"2":{"start":{"line":3,"column":0},"end":{"line":3,"column":41}},"3":{"start":{"line":4,"column":0},"end":{"line":4,"column":42}},"4":{"start":{"line":5,"column":0},"end":{"line":5,"column":54}},"5":{"start":{"line":6,"column":0},"end":{"line":6,"column":62}},"6":{"start":{"line":7,"column":0},"end":{"line":7,"column":65}},"7":{"start":{"line":8,"column":0},"end":{"line":8,"column":56}},"8":{"start":{"line":9,"column":0},"end":{"line":9,"column":68}},"9":{"start":{"line":10,"column":0},"end":{"line":10,"column":68}},"10":{"start":{"line":38,"column":7},"end":{"line":38,"column":null}},"11":{"start":{"line":38,"column":13},"end":{"line":38,"column":22}},"12":{"start":{"line":38,"column":13},"end":{"line":38,"column":null}}},"fnMap":{},"branchMap":{"0":{"loc":{"start":{"line":20,"column":14},"end":{"line":20,"column":51}},"type":"binary-expr","locations":[{"start":{"line":20,"column":14},"end":{"line":20,"column":36}},{"start":{"line":20,"column":40},"end":{"line":20,"column":51}}]},"1":{"loc":{"start":{"line":21,"column":23},"end":{"line":21,"column":55}},"type":"binary-expr","locations":[{"start":{"line":21,"column":23},"end":{"line":21,"column":45}},{"start":{"line":21,"column":49},"end":{"line":21,"column":55}}]}},"s":{"0":0,"1":0,"2":0,"3":0,"4":0,"5":0,"6":0,"7":0,"8":0,"9":0,"10":0,"11":0,"12":0},"f":{},"b":{"0":[0,0],"1":[0,0]}}
,"D:\\Code\\VSCode_Project\\StudyFlowNote\\backend\\src\\main.ts": {"path":"D:\\Code\\VSCode_Project\\StudyFlowNote\\backend\\src\\main.ts","statementMap":{"0":{"start":{"line":1,"column":0},"end":{"line":1,"column":43}},"1":{"start":{"line":2,"column":0},"end":{"line":2,"column":48}},"2":{"start":{"line":3,"column":0},"end":{"line":3,"column":65}},"3":{"start":{"line":4,"column":0},"end":{"line":4,"column":41}},"4":{"start":{"line":5,"column":0},"end":{"line":5,"column":77}},"5":{"start":{"line":6,"column":0},"end":{"line":6,"column":79}},"6":{"start":{"line":9,"column":14},"end":{"line":9,"column":49}},"7":{"start":{"line":12,"column":2},"end":{"line":18,"column":4}},"8":{"start":{"line":21,"column":2},"end":{"line":21,"column":50}},"9":{"start":{"line":24,"column":2},"end":{"line":24,"column":54}},"10":{"start":{"line":27,"column":2},"end":{"line":27,"column":19}},"11":{"start":{"line":30,"column":17},"end":{"line":35,"column":12}},"12":{"start":{"line":36,"column":19},"end":{"line":36,"column":60}},"13":{"start":{"line":37,"column":2},"end":{"line":37,"column":44}},"14":{"start":{"line":39,"column":15},"end":{"line":39,"column":39}},"15":{"start":{"line":40,"column":2},"end":{"line":40,"column":25}},"16":{"start":{"line":41,"column":2},"end":{"line":41,"column":69}},"17":{"start":{"line":42,"column":2},"end":{"line":42,"column":60}},"18":{"start":{"line":44,"column":0},"end":{"line":44,"column":12}}},"fnMap":{"0":{"name":"bootstrap","decl":{"start":{"line":8,"column":15},"end":{"line":8,"column":24}},"loc":{"start":{"line":8,"column":24},"end":{"line":43,"column":1}}}},"branchMap":{"0":{"loc":{"start":{"line":39,"column":15},"end":{"line":39,"column":39}},"type":"binary-expr","locations":[{"start":{"line":39,"column":15},"end":{"line":39,"column":31}},{"start":{"line":39,"column":35},"end":{"line":39,"column":39}}]}},"s":{"0":0,"1":0,"2":0,"3":0,"4":0,"5":0,"6":0,"7":0,"8":0,"9":0,"10":0,"11":0,"12":0,"13":0,"14":0,"15":0,"16":0,"17":0,"18":0},"f":{"0":0},"b":{"0":[0,0]}}
,"D:\\Code\\VSCode_Project\\StudyFlowNote\\backend\\src\\common\\dto\\response.dto.ts": {"path":"D:\\Code\\VSCode_Project\\StudyFlowNote\\backend\\src\\common\\dto\\response.dto.ts","statementMap":{"0":{"start":{"line":1,"column":0},"end":{"line":1,"column":53}},"1":{"start":{"line":29,"column":4},"end":{"line":29,"column":21}},"2":{"start":{"line":30,"column":4},"end":{"line":30,"column":27}},"3":{"start":{"line":31,"column":4},"end":{"line":31,"column":21}},"4":{"start":{"line":32,"column":4},"end":{"line":32,"column":46}},"5":{"start":{"line":39,"column":4},"end":{"line":39,"column":61}},"6":{"start":{"line":46,"column":4},"end":{"line":46,"column":48}},"7":{"start":{"line":7,"column":0},"end":{"line":7,"column":13}}},"fnMap":{"0":{"name":"(anonymous_0)","decl":{"start":{"line":28,"column":2},"end":{"line":28,"column":14}},"loc":{"start":{"line":28,"column":79},"end":{"line":33,"column":3}}},"1":{"name":"(anonymous_1)","decl":{"start":{"line":38,"column":2},"end":{"line":38,"column":8}},"loc":{"start":{"line":38,"column":51},"end":{"line":40,"column":3}}},"2":{"name":"(anonymous_2)","decl":{"start":{"line":45,"column":2},"end":{"line":45,"column":8}},"loc":{"start":{"line":45,"column":44},"end":{"line":47,"column":3}}}},"branchMap":{"0":{"loc":{"start":{"line":28,"column":23},"end":{"line":28,"column":55}},"type":"default-arg","locations":[{"start":{"line":28,"column":38},"end":{"line":28,"column":55}}]},"1":{"loc":{"start":{"line":28,"column":57},"end":{"line":28,"column":79}},"type":"default-arg","locations":[{"start":{"line":28,"column":75},"end":{"line":28,"column":79}}]},"2":{"loc":{"start":{"line":38,"column":29},"end":{"line":38,"column":51}},"type":"default-arg","locations":[{"start":{"line":38,"column":47},"end":{"line":38,"column":51}}]}},"s":{"0":1,"1":3,"2":3,"3":3,"4":3,"5":3,"6":0,"7":1},"f":{"0":3,"1":3,"2":0},"b":{"0":[0],"1":[0],"2":[3]}}
,"D:\\Code\\VSCode_Project\\StudyFlowNote\\backend\\src\\common\\enums\\error-code.enum.ts": {"path":"D:\\Code\\VSCode_Project\\StudyFlowNote\\backend\\src\\common\\enums\\error-code.enum.ts","statementMap":{"0":{"start":{"line":7,"column":0},"end":{"line":7,"column":null}},"1":{"start":{"line":9,"column":2},"end":{"line":9,"column":null}},"2":{"start":{"line":12,"column":2},"end":{"line":12,"column":null}},"3":{"start":{"line":13,"column":2},"end":{"line":13,"column":null}},"4":{"start":{"line":14,"column":2},"end":{"line":14,"column":null}},"5":{"start":{"line":15,"column":2},"end":{"line":15,"column":null}},"6":{"start":{"line":16,"column":2},"end":{"line":16,"column":null}},"7":{"start":{"line":19,"column":2},"end":{"line":19,"column":null}},"8":{"start":{"line":20,"column":2},"end":{"line":20,"column":null}},"9":{"start":{"line":21,"column":2},"end":{"line":21,"column":null}}},"fnMap":{"0":{"name":"(anonymous_0)","decl":{"start":{"line":7,"column":0},"end":{"line":7,"column":12}},"loc":{"start":{"line":7,"column":21},"end":{"line":22,"column":1}}}},"branchMap":{"0":{"loc":{"start":{"line":7,"column":12},"end":{"line":7,"column":null}},"type":"binary-expr","locations":[{"start":{"line":7,"column":12},"end":{"line":7,"column":21}},{"start":{"line":7,"column":21},"end":{"line":7,"column":null}}]}},"s":{"0":1,"1":1,"2":1,"3":1,"4":1,"5":1,"6":1,"7":1,"8":1,"9":1},"f":{"0":1},"b":{"0":[1,1]}}
,"D:\\Code\\VSCode_Project\\StudyFlowNote\\backend\\src\\common\\filters\\http-exception.filter.ts": {"path":"D:\\Code\\VSCode_Project\\StudyFlowNote\\backend\\src\\common\\filters\\http-exception.filter.ts","statementMap":{"0":{"start":{"line":1,"column":0},"end":{"line":1,"column":null}},"1":{"start":{"line":10,"column":0},"end":{"line":10,"column":40}},"2":{"start":{"line":11,"column":0},"end":{"line":11,"column":53}},"3":{"start":{"line":12,"column":0},"end":{"line":12,"column":50}},"4":{"start":{"line":15,"column":32},"end":{"line":116,"column":null}},"5":{"start":{"line":16,"column":19},"end":{"line":16,"column":65}},"6":{"start":{"line":19,"column":16},"end":{"line":19,"column":35}},"7":{"start":{"line":20,"column":21},"end":{"line":20,"column":48}},"8":{"start":{"line":21,"column":20},"end":{"line":21,"column":36}},"9":{"start":{"line":23,"column":17},"end":{"line":23,"column":49}},"10":{"start":{"line":24,"column":15},"end":{"line":24,"column":46}},"11":{"start":{"line":25,"column":18},"end":{"line":25,"column":41}},"12":{"start":{"line":28,"column":4},"end":{"line":28,"column":46}},"13":{"start":{"line":31,"column":4},"end":{"line":62,"column":5}},"14":{"start":{"line":32,"column":6},"end":{"line":32,"column":37}},"15":{"start":{"line":33,"column":32},"end":{"line":33,"column":55}},"16":{"start":{"line":35,"column":6},"end":{"line":48,"column":7}},"17":{"start":{"line":36,"column":8},"end":{"line":36,"column":36}},"18":{"start":{"line":37,"column":13},"end":{"line":48,"column":7}},"19":{"start":{"line":38,"column":21},"end":{"line":38,"column":65}},"20":{"start":{"line":39,"column":8},"end":{"line":39,"column":64}},"21":{"start":{"line":42,"column":8},"end":{"line":47,"column":9}},"22":{"start":{"line":43,"column":10},"end":{"line":43,"column":44}},"23":{"start":{"line":44,"column":10},"end":{"line":46,"column":35}},"24":{"start":{"line":51,"column":6},"end":{"line":51,"column":51}},"25":{"start":{"line":54,"column":9},"end":{"line":62,"column":5}},"26":{"start":{"line":55,"column":6},"end":{"line":55,"column":38}},"27":{"start":{"line":56,"column":6},"end":{"line":56,"column":50}},"28":{"start":{"line":57,"column":6},"end":{"line":57,"column":38}},"29":{"start":{"line":60,"column":9},"end":{"line":62,"column":5}},"30":{"start":{"line":61,"column":6},"end":{"line":61,"column":34}},"31":{"start":{"line":64,"column":25},"end":{"line":64,"column":57}},"32":{"start":{"line":66,"column":4},"end":{"line":66,"column":47}},"33":{"start":{"line":73,"column":24},"end":{"line":73,"column":58}},"34":{"start":{"line":74,"column":22},"end":{"line":74,"column":63}},"35":{"start":{"line":76,"column":4},"end":{"line":84,"column":5}},"36":{"start":{"line":77,"column":6},"end":{"line":77,"column":90}},"37":{"start":{"line":78,"column":11},"end":{"line":84,"column":5}},"38":{"start":{"line":79,"column":6},"end":{"line":79,"column":113}},"39":{"start":{"line":80,"column":11},"end":{"line":84,"column":5}},"40":{"start":{"line":81,"column":6},"end":{"line":81,"column":111}},"41":{"start":{"line":83,"column":6},"end":{"line":83,"column":62}},"42":{"start":{"line":91,"column":55},"end":{"line":96,"column":6}},"43":{"start":{"line":98,"column":4},"end":{"line":98,"column":70}},"44":{"start":{"line":105,"column":4},"end":{"line":114,"column":5}},"45":{"start":{"line":107,"column":8},"end":{"line":107,"column":23}},"46":{"start":{"line":109,"column":8},"end":{"line":109,"column":26}},"47":{"start":{"line":111,"column":8},"end":{"line":111,"column":23}},"48":{"start":{"line":113,"column":8},"end":{"line":113,"column":45}},"49":{"start":{"line":15,"column":13},"end":{"line":15,"column":32}},"50":{"start":{"line":15,"column":13},"end":{"line":116,"column":null}}},"fnMap":{"0":{"name":"(anonymous_1)","decl":{"start":{"line":15,"column":7},"end":{"line":15,"column":13}},"loc":{"start":{"line":15,"column":7},"end":{"line":116,"column":1}}},"1":{"name":"(anonymous_2)","decl":{"start":{"line":18,"column":2},"end":{"line":18,"column":7}},"loc":{"start":{"line":18,"column":47},"end":{"line":67,"column":3}}},"2":{"name":"(anonymous_3)","decl":{"start":{"line":72,"column":10},"end":{"line":72,"column":18}},"loc":{"start":{"line":72,"column":87},"end":{"line":85,"column":3}}},"3":{"name":"(anonymous_4)","decl":{"start":{"line":90,"column":10},"end":{"line":90,"column":34}},"loc":{"start":{"line":90,"column":49},"end":{"line":99,"column":3}}},"4":{"name":"(anonymous_5)","decl":{"start":{"line":104,"column":10},"end":{"line":104,"column":27}},"loc":{"start":{"line":104,"column":75},"end":{"line":115,"column":3}}}},"branchMap":{"0":{"loc":{"start":{"line":31,"column":4},"end":{"line":62,"column":5}},"type":"if","locations":[{"start":{"line":31,"column":4},"end":{"line":62,"column":5}},{"start":{"line":54,"column":9},"end":{"line":62,"column":5}}]},"1":{"loc":{"start":{"line":35,"column":6},"end":{"line":48,"column":7}},"type":"if","locations":[{"start":{"line":35,"column":6},"end":{"line":48,"column":7}},{"start":{"line":37,"column":13},"end":{"line":48,"column":7}}]},"2":{"loc":{"start":{"line":37,"column":13},"end":{"line":48,"column":7}},"type":"if","locations":[{"start":{"line":37,"column":13},"end":{"line":48,"column":7}},{"start":{},"end":{}}]},"3":{"loc":{"start":{"line":39,"column":19},"end":{"line":39,"column":63}},"type":"binary-expr","locations":[{"start":{"line":39,"column":19},"end":{"line":39,"column":42}},{"start":{"line":39,"column":46},"end":{"line":39,"column":63}}]},"4":{"loc":{"start":{"line":42,"column":8},"end":{"line":47,"column":9}},"type":"if","locations":[{"start":{"line":42,"column":8},"end":{"line":47,"column":9}},{"start":{},"end":{}}]},"5":{"loc":{"start":{"line":42,"column":12},"end":{"line":42,"column":76}},"type":"binary-expr","locations":[{"start":{"line":42,"column":12},"end":{"line":42,"column":45}},{"start":{"line":42,"column":49},"end":{"line":42,"column":76}}]},"6":{"loc":{"start":{"line":44,"column":20},"end":{"line":46,"column":34}},"type":"cond-expr","locations":[{"start":{"line":45,"column":14},"end":{"line":45,"column":37}},{"start":{"line":46,"column":14},"end":{"line":46,"column":34}}]},"7":{"loc":{"start":{"line":54,"column":9},"end":{"line":62,"column":5}},"type":"if","locations":[{"start":{"line":54,"column":9},"end":{"line":62,"column":5}},{"start":{"line":60,"column":9},"end":{"line":62,"column":5}}]},"8":{"loc":{"start":{"line":60,"column":9},"end":{"line":62,"column":5}},"type":"if","locations":[{"start":{"line":60,"column":9},"end":{"line":62,"column":5}},{"start":{},"end":{}}]},"9":{"loc":{"start":{"line":74,"column":22},"end":{"line":74,"column":63}},"type":"binary-expr","locations":[{"start":{"line":74,"column":22},"end":{"line":74,"column":50}},{"start":{"line":74,"column":54},"end":{"line":74,"column":63}}]},"10":{"loc":{"start":{"line":76,"column":4},"end":{"line":84,"column":5}},"type":"if","locations":[{"start":{"line":76,"column":4},"end":{"line":84,"column":5}},{"start":{"line":78,"column":11},"end":{"line":84,"column":5}}]},"11":{"loc":{"start":{"line":78,"column":11},"end":{"line":84,"column":5}},"type":"if","locations":[{"start":{"line":78,"column":11},"end":{"line":84,"column":5}},{"start":{"line":80,"column":11},"end":{"line":84,"column":5}}]},"12":{"loc":{"start":{"line":80,"column":11},"end":{"line":84,"column":5}},"type":"if","locations":[{"start":{"line":80,"column":11},"end":{"line":84,"column":5}},{"start":{"line":82,"column":11},"end":{"line":84,"column":5}}]},"13":{"loc":{"start":{"line":98,"column":11},"end":{"line":98,"column":69}},"type":"binary-expr","locations":[{"start":{"line":98,"column":11},"end":{"line":98,"column":34}},{"start":{"line":98,"column":38},"end":{"line":98,"column":69}}]},"14":{"loc":{"start":{"line":105,"column":4},"end":{"line":114,"column":5}},"type":"switch","locations":[{"start":{"line":106,"column":6},"end":{"line":107,"column":23}},{"start":{"line":108,"column":6},"end":{"line":109,"column":26}},{"start":{"line":110,"column":6},"end":{"line":111,"column":23}},{"start":{"line":112,"column":6},"end":{"line":113,"column":45}}]}},"s":{"0":0,"1":0,"2":0,"3":0,"4":0,"5":0,"6":0,"7":0,"8":0,"9":0,"10":0,"11":0,"12":0,"13":0,"14":0,"15":0,"16":0,"17":0,"18":0,"19":0,"20":0,"21":0,"22":0,"23":0,"24":0,"25":0,"26":0,"27":0,"28":0,"29":0,"30":0,"31":0,"32":0,"33":0,"34":0,"35":0,"36":0,"37":0,"38":0,"39":0,"40":0,"41":0,"42":0,"43":0,"44":0,"45":0,"46":0,"47":0,"48":0,"49":0,"50":0},"f":{"0":0,"1":0,"2":0,"3":0,"4":0},"b":{"0":[0,0],"1":[0,0],"2":[0,0],"3":[0,0],"4":[0,0],"5":[0,0],"6":[0,0],"7":[0,0],"8":[0,0],"9":[0,0],"10":[0,0],"11":[0,0],"12":[0,0],"13":[0,0],"14":[0,0,0,0]}}
,"D:\\Code\\VSCode_Project\\StudyFlowNote\\backend\\src\\common\\interceptors\\success.interceptor.ts": {"path":"D:\\Code\\VSCode_Project\\StudyFlowNote\\backend\\src\\common\\interceptors\\success.interceptor.ts","statementMap":{"0":{"start":{"line":1,"column":0},"end":{"line":1,"column":null}},"1":{"start":{"line":8,"column":0},"end":{"line":8,"column":37}},"2":{"start":{"line":9,"column":0},"end":{"line":9,"column":50}},"3":{"start":{"line":12,"column":7},"end":{"line":28,"column":null}},"4":{"start":{"line":17,"column":4},"end":{"line":26,"column":6}},"5":{"start":{"line":20,"column":8},"end":{"line":22,"column":9}},"6":{"start":{"line":21,"column":10},"end":{"line":21,"column":22}},"7":{"start":{"line":24,"column":8},"end":{"line":24,"column":41}},"8":{"start":{"line":12,"column":13},"end":{"line":12,"column":31}},"9":{"start":{"line":12,"column":13},"end":{"line":28,"column":null}}},"fnMap":{"0":{"name":"(anonymous_1)","decl":{"start":{"line":13,"column":2},"end":{"line":13,"column":11}},"loc":{"start":{"line":15,"column":21},"end":{"line":27,"column":3}}},"1":{"name":"(anonymous_2)","decl":{"start":{"line":18,"column":10},"end":{"line":18,"column":11}},"loc":{"start":{"line":18,"column":19},"end":{"line":25,"column":7}}}},"branchMap":{"0":{"loc":{"start":{"line":20,"column":8},"end":{"line":22,"column":9}},"type":"if","locations":[{"start":{"line":20,"column":8},"end":{"line":22,"column":9}},{"start":{},"end":{}}]}},"s":{"0":0,"1":0,"2":0,"3":0,"4":0,"5":0,"6":0,"7":0,"8":0,"9":0},"f":{"0":0,"1":0},"b":{"0":[0,0]}}
,"D:\\Code\\VSCode_Project\\StudyFlowNote\\backend\\src\\modules\\auth\\auth.controller.ts": {"path":"D:\\Code\\VSCode_Project\\StudyFlowNote\\backend\\src\\modules\\auth\\auth.controller.ts","statementMap":{"0":{"start":{"line":1,"column":0},"end":{"line":1,"column":72}},"1":{"start":{"line":2,"column":0},"end":{"line":2,"column":71}},"2":{"start":{"line":3,"column":0},"end":{"line":3,"column":45}},"3":{"start":{"line":4,"column":0},"end":{"line":4,"column":49}},"4":{"start":{"line":5,"column":0},"end":{"line":5,"column":43}},"5":{"start":{"line":6,"column":0},"end":{"line":6,"column":60}},"6":{"start":{"line":7,"column":0},"end":{"line":7,"column":55}},"7":{"start":{"line":8,"column":0},"end":{"line":8,"column":55}},"8":{"start":{"line":9,"column":0},"end":{"line":9,"column":66}},"9":{"start":{"line":14,"column":7},"end":{"line":41,"column":null}},"10":{"start":{"line":15,"column":31},"end":{"line":15,"column":44}},"11":{"start":{"line":21,"column":17},"end":{"line":21,"column":53}},"12":{"start":{"line":22,"column":4},"end":{"line":22,"column":37}},"13":{"start":{"line":29,"column":17},"end":{"line":29,"column":50}},"14":{"start":{"line":30,"column":4},"end":{"line":30,"column":37}},"15":{"start":{"line":38,"column":17},"end":{"line":38,"column":64}},"16":{"start":{"line":39,"column":4},"end":{"line":39,"column":37}},"17":{"start":{"line":14,"column":13},"end":{"line":14,"column":27}},"18":{"start":{"line":20,"column":8},"end":{"line":23,"column":null}},"19":{"start":{"line":28,"column":8},"end":{"line":31,"column":null}},"20":{"start":{"line":37,"column":8},"end":{"line":40,"column":null}},"21":{"start":{"line":14,"column":13},"end":{"line":41,"column":null}}},"fnMap":{"0":{"name":"(anonymous_4)","decl":{"start":{"line":15,"column":2},"end":{"line":15,"column":31}},"loc":{"start":{"line":15,"column":55},"end":{"line":15,"column":59}}},"1":{"name":"(anonymous_5)","decl":{"start":{"line":20,"column":8},"end":{"line":20,"column":16}},"loc":{"start":{"line":20,"column":41},"end":{"line":23,"column":3}}},"2":{"name":"(anonymous_6)","decl":{"start":{"line":28,"column":8},"end":{"line":28,"column":13}},"loc":{"start":{"line":28,"column":35},"end":{"line":31,"column":3}}},"3":{"name":"(anonymous_7)","decl":{"start":{"line":37,"column":8},"end":{"line":37,"column":22}},"loc":{"start":{"line":37,"column":54},"end":{"line":40,"column":3}}}},"branchMap":{},"s":{"0":0,"1":0,"2":0,"3":0,"4":0,"5":0,"6":0,"7":0,"8":0,"9":0,"10":0,"11":0,"12":0,"13":0,"14":0,"15":0,"16":0,"17":0,"18":0,"19":0,"20":0,"21":0},"f":{"0":0,"1":0,"2":0,"3":0},"b":{}}
,"D:\\Code\\VSCode_Project\\StudyFlowNote\\backend\\src\\modules\\auth\\auth.module.ts": {"path":"D:\\Code\\VSCode_Project\\StudyFlowNote\\backend\\src\\modules\\auth\\auth.module.ts","statementMap":{"0":{"start":{"line":1,"column":0},"end":{"line":1,"column":40}},"1":{"start":{"line":2,"column":0},"end":{"line":2,"column":51}},"2":{"start":{"line":3,"column":0},"end":{"line":3,"column":45}},"3":{"start":{"line":4,"column":0},"end":{"line":4,"column":55}},"4":{"start":{"line":11,"column":7},"end":{"line":11,"column":null}},"5":{"start":{"line":11,"column":13},"end":{"line":11,"column":23}},"6":{"start":{"line":11,"column":13},"end":{"line":11,"column":null}}},"fnMap":{},"branchMap":{},"s":{"0":0,"1":0,"2":0,"3":0,"4":0,"5":0,"6":0},"f":{},"b":{}}
,"D:\\Code\\VSCode_Project\\StudyFlowNote\\backend\\src\\modules\\auth\\auth.service.ts": {"path":"D:\\Code\\VSCode_Project\\StudyFlowNote\\backend\\src\\modules\\auth\\auth.service.ts","statementMap":{"0":{"start":{"line":1,"column":0},"end":{"line":1,"column":96}},"1":{"start":{"line":2,"column":0},"end":{"line":2,"column":60}},"2":{"start":{"line":5,"column":0},"end":{"line":5,"column":33}},"3":{"start":{"line":6,"column":0},"end":{"line":6,"column":36}},"4":{"start":{"line":9,"column":19},"end":{"line":9,"column":62}},"5":{"start":{"line":10,"column":23},"end":{"line":10,"column":57}},"6":{"start":{"line":13,"column":24},"end":{"line":138,"column":null}},"7":{"start":{"line":16,"column":31},"end":{"line":16,"column":39}},"8":{"start":{"line":14,"column":19},"end":{"line":14,"column":57}},"9":{"start":{"line":22,"column":4},"end":{"line":22,"column":54}},"10":{"start":{"line":24,"column":4},"end":{"line":51,"column":5}},"11":{"start":{"line":25,"column":27},"end":{"line":27,"column":8}},"12":{"start":{"line":29,"column":6},"end":{"line":32,"column":7}},"13":{"start":{"line":30,"column":8},"end":{"line":30,"column":67}},"14":{"start":{"line":31,"column":8},"end":{"line":31,"column":48}},"15":{"start":{"line":34,"column":29},"end":{"line":34,"column":60}},"16":{"start":{"line":36,"column":19},"end":{"line":42,"column":8}},"17":{"start":{"line":44,"column":6},"end":{"line":44,"column":66}},"18":{"start":{"line":46,"column":41},"end":{"line":46,"column":45}},"19":{"start":{"line":47,"column":6},"end":{"line":47,"column":20}},"20":{"start":{"line":49,"column":6},"end":{"line":49,"column":78}},"21":{"start":{"line":50,"column":6},"end":{"line":50,"column":18}},"22":{"start":{"line":58,"column":4},"end":{"line":58,"column":55}},"23":{"start":{"line":60,"column":17},"end":{"line":62,"column":6}},"24":{"start":{"line":64,"column":4},"end":{"line":67,"column":5}},"25":{"start":{"line":65,"column":6},"end":{"line":65,"column":70}},"26":{"start":{"line":66,"column":6},"end":{"line":66,"column":49}},"27":{"start":{"line":69,"column":28},"end":{"line":69,"column":76}},"28":{"start":{"line":70,"column":4},"end":{"line":73,"column":5}},"29":{"start":{"line":71,"column":6},"end":{"line":71,"column":72}},"30":{"start":{"line":72,"column":6},"end":{"line":72,"column":49}},"31":{"start":{"line":75,"column":18},"end":{"line":75,"column":57}},"32":{"start":{"line":77,"column":4},"end":{"line":77,"column":63}},"33":{"start":{"line":79,"column":4},"end":{"line":86,"column":6}},"34":{"start":{"line":93,"column":4},"end":{"line":98,"column":5}},"35":{"start":{"line":94,"column":6},"end":{"line":94,"column":57}},"36":{"start":{"line":96,"column":6},"end":{"line":96,"column":70}},"37":{"start":{"line":97,"column":6},"end":{"line":97,"column":54}},"38":{"start":{"line":105,"column":17},"end":{"line":113,"column":6}},"39":{"start":{"line":115,"column":4},"end":{"line":117,"column":5}},"40":{"start":{"line":116,"column":6},"end":{"line":116,"column":47}},"41":{"start":{"line":119,"column":4},"end":{"line":119,"column":16}},"42":{"start":{"line":123,"column":17},"end":{"line":123,"column":55}},"43":{"start":{"line":124,"column":17},"end":{"line":124,"column":86}},"44":{"start":{"line":125,"column":4},"end":{"line":125,"column":29}},"45":{"start":{"line":129,"column":25},"end":{"line":129,"column":50}},"46":{"start":{"line":130,"column":23},"end":{"line":130,"column":92}},"47":{"start":{"line":131,"column":4},"end":{"line":131,"column":31}},"48":{"start":{"line":135,"column":32},"end":{"line":135,"column":54}},"49":{"start":{"line":136,"column":4},"end":{"line":136,"column":104}},"50":{"start":{"line":13,"column":13},"end":{"line":13,"column":24}},"51":{"start":{"line":13,"column":13},"end":{"line":138,"column":null}}},"fnMap":{"0":{"name":"(anonymous_11)","decl":{"start":{"line":16,"column":2},"end":{"line":16,"column":31}},"loc":{"start":{"line":16,"column":52},"end":{"line":16,"column":56}}},"1":{"name":"(anonymous_12)","decl":{"start":{"line":21,"column":2},"end":{"line":21,"column":7}},"loc":{"start":{"line":21,"column":33},"end":{"line":52,"column":3}}},"2":{"name":"(anonymous_13)","decl":{"start":{"line":57,"column":2},"end":{"line":57,"column":7}},"loc":{"start":{"line":57,"column":27},"end":{"line":87,"column":3}}},"3":{"name":"(anonymous_14)","decl":{"start":{"line":92,"column":2},"end":{"line":92,"column":13}},"loc":{"start":{"line":92,"column":27},"end":{"line":99,"column":3}}},"4":{"name":"(anonymous_15)","decl":{"start":{"line":104,"column":2},"end":{"line":104,"column":7}},"loc":{"start":{"line":104,"column":37},"end":{"line":120,"column":3}}},"5":{"name":"(anonymous_16)","decl":{"start":{"line":122,"column":10},"end":{"line":122,"column":22}},"loc":{"start":{"line":122,"column":39},"end":{"line":126,"column":3}}},"6":{"name":"(anonymous_17)","decl":{"start":{"line":128,"column":10},"end":{"line":128,"column":24}},"loc":{"start":{"line":128,"column":65},"end":{"line":132,"column":3}}},"7":{"name":"(anonymous_18)","decl":{"start":{"line":134,"column":10},"end":{"line":134,"column":23}},"loc":{"start":{"line":134,"column":53},"end":{"line":137,"column":3}}}},"branchMap":{"0":{"loc":{"start":{"line":9,"column":19},"end":{"line":9,"column":62}},"type":"binary-expr","locations":[{"start":{"line":9,"column":19},"end":{"line":9,"column":41}},{"start":{"line":9,"column":45},"end":{"line":9,"column":62}}]},"1":{"loc":{"start":{"line":10,"column":23},"end":{"line":10,"column":57}},"type":"binary-expr","locations":[{"start":{"line":10,"column":23},"end":{"line":10,"column":49}},{"start":{"line":10,"column":53},"end":{"line":10,"column":57}}]},"2":{"loc":{"start":{"line":29,"column":6},"end":{"line":32,"column":7}},"type":"if","locations":[{"start":{"line":29,"column":6},"end":{"line":32,"column":7}},{"start":{},"end":{}}]},"3":{"loc":{"start":{"line":64,"column":4},"end":{"line":67,"column":5}},"type":"if","locations":[{"start":{"line":64,"column":4},"end":{"line":67,"column":5}},{"start":{},"end":{}}]},"4":{"loc":{"start":{"line":70,"column":4},"end":{"line":73,"column":5}},"type":"if","locations":[{"start":{"line":70,"column":4},"end":{"line":73,"column":5}},{"start":{},"end":{}}]},"5":{"loc":{"start":{"line":115,"column":4},"end":{"line":117,"column":5}},"type":"if","locations":[{"start":{"line":115,"column":4},"end":{"line":117,"column":5}},{"start":{},"end":{}}]}},"s":{"0":0,"1":0,"2":0,"3":0,"4":0,"5":0,"6":0,"7":0,"8":0,"9":0,"10":0,"11":0,"12":0,"13":0,"14":0,"15":0,"16":0,"17":0,"18":0,"19":0,"20":0,"21":0,"22":0,"23":0,"24":0,"25":0,"26":0,"27":0,"28":0,"29":0,"30":0,"31":0,"32":0,"33":0,"34":0,"35":0,"36":0,"37":0,"38":0,"39":0,"40":0,"41":0,"42":0,"43":0,"44":0,"45":0,"46":0,"47":0,"48":0,"49":0,"50":0,"51":0},"f":{"0":0,"1":0,"2":0,"3":0,"4":0,"5":0,"6":0,"7":0},"b":{"0":[0,0],"1":[0,0],"2":[0,0],"3":[0,0],"4":[0,0],"5":[0,0]}}
,"D:\\Code\\VSCode_Project\\StudyFlowNote\\backend\\src\\modules\\auth\\decorators\\current-user.decorator.ts": {"path":"D:\\Code\\VSCode_Project\\StudyFlowNote\\backend\\src\\modules\\auth\\decorators\\current-user.decorator.ts","statementMap":{"0":{"start":{"line":1,"column":0},"end":{"line":1,"column":72}},"1":{"start":{"line":18,"column":13},"end":{"line":24,"column":2}},"2":{"start":{"line":20,"column":20},"end":{"line":20,"column":51}},"3":{"start":{"line":21,"column":17},"end":{"line":21,"column":43}},"4":{"start":{"line":22,"column":4},"end":{"line":22,"column":38}}},"fnMap":{"0":{"name":"(anonymous_0)","decl":{"start":{"line":19,"column":2},"end":{"line":19,"column":3}},"loc":{"start":{"line":19,"column":64},"end":{"line":23,"column":3}}}},"branchMap":{"0":{"loc":{"start":{"line":22,"column":11},"end":{"line":22,"column":37}},"type":"cond-expr","locations":[{"start":{"line":22,"column":18},"end":{"line":22,"column":30}},{"start":{"line":22,"column":33},"end":{"line":22,"column":37}}]}},"s":{"0":1,"1":1,"2":0,"3":0,"4":0},"f":{"0":0},"b":{"0":[0,0]}}
,"D:\\Code\\VSCode_Project\\StudyFlowNote\\backend\\src\\modules\\auth\\decorators\\public.decorator.ts": {"path":"D:\\Code\\VSCode_Project\\StudyFlowNote\\backend\\src\\modules\\auth\\decorators\\public.decorator.ts","statementMap":{"0":{"start":{"line":1,"column":0},"end":{"line":1,"column":45}},"1":{"start":{"line":3,"column":13},"end":{"line":3,"column":40}},"2":{"start":{"line":15,"column":22},"end":{"line":15,"column":60}},"3":{"start":{"line":15,"column":28},"end":{"line":15,"column":60}},"4":{"start":{"line":15,"column":13},"end":{"line":15,"column":22}}},"fnMap":{"0":{"name":"(anonymous_0)","decl":{"start":{"line":15,"column":22},"end":{"line":15,"column":25}},"loc":{"start":{"line":15,"column":28},"end":{"line":15,"column":60}}}},"branchMap":{},"s":{"0":0,"1":0,"2":0,"3":0,"4":0},"f":{"0":0},"b":{}}
,"D:\\Code\\VSCode_Project\\StudyFlowNote\\backend\\src\\modules\\auth\\dto\\login.dto.ts": {"path":"D:\\Code\\VSCode_Project\\StudyFlowNote\\backend\\src\\modules\\auth\\dto\\login.dto.ts","statementMap":{"0":{"start":{"line":1,"column":0},"end":{"line":1,"column":63}},"1":{"start":{"line":2,"column":0},"end":{"line":2,"column":46}},"2":{"start":{"line":4,"column":0},"end":{"line":4,"column":13}},"3":{"start":{"line":7,"column":2},"end":{"line":7,"column":null}},"4":{"start":{"line":12,"column":2},"end":{"line":12,"column":null}}},"fnMap":{},"branchMap":{},"s":{"0":0,"1":0,"2":0,"3":0,"4":0},"f":{},"b":{}}
,"D:\\Code\\VSCode_Project\\StudyFlowNote\\backend\\src\\modules\\auth\\dto\\register.dto.ts": {"path":"D:\\Code\\VSCode_Project\\StudyFlowNote\\backend\\src\\modules\\auth\\dto\\register.dto.ts","statementMap":{"0":{"start":{"line":1,"column":0},"end":{"line":1,"column":75}},"1":{"start":{"line":2,"column":0},"end":{"line":2,"column":67}},"2":{"start":{"line":4,"column":0},"end":{"line":4,"column":13}},"3":{"start":{"line":7,"column":2},"end":{"line":7,"column":null}},"4":{"start":{"line":12,"column":2},"end":{"line":12,"column":null}},"5":{"start":{"line":17,"column":2},"end":{"line":17,"column":null}}},"fnMap":{},"branchMap":{},"s":{"0":0,"1":0,"2":0,"3":0,"4":0,"5":0},"f":{},"b":{}}
,"D:\\Code\\VSCode_Project\\StudyFlowNote\\backend\\src\\modules\\auth\\guards\\jwt-auth.guard.ts": {"path":"D:\\Code\\VSCode_Project\\StudyFlowNote\\backend\\src\\modules\\auth\\guards\\jwt-auth.guard.ts","statementMap":{"0":{"start":{"line":1,"column":0},"end":{"line":1,"column":null}},"1":{"start":{"line":7,"column":0},"end":{"line":7,"column":41}},"2":{"start":{"line":8,"column":0},"end":{"line":8,"column":46}},"3":{"start":{"line":9,"column":0},"end":{"line":9,"column":63}},"4":{"start":{"line":21,"column":7},"end":{"line":59,"column":null}},"5":{"start":{"line":23,"column":21},"end":{"line":23,"column":34}},"6":{"start":{"line":24,"column":21},"end":{"line":24,"column":32}},"7":{"start":{"line":29,"column":21},"end":{"line":32,"column":6}},"8":{"start":{"line":34,"column":4},"end":{"line":36,"column":5}},"9":{"start":{"line":35,"column":6},"end":{"line":35,"column":18}},"10":{"start":{"line":38,"column":20},"end":{"line":38,"column":55}},"11":{"start":{"line":39,"column":18},"end":{"line":39,"column":54}},"12":{"start":{"line":41,"column":4},"end":{"line":43,"column":5}},"13":{"start":{"line":42,"column":6},"end":{"line":42,"column":53}},"14":{"start":{"line":45,"column":4},"end":{"line":50,"column":5}},"15":{"start":{"line":46,"column":22},"end":{"line":46,"column":57}},"16":{"start":{"line":47,"column":6},"end":{"line":47,"column":29}},"17":{"start":{"line":49,"column":6},"end":{"line":49,"column":54}},"18":{"start":{"line":52,"column":4},"end":{"line":52,"column":16}},"19":{"start":{"line":56,"column":26},"end":{"line":56,"column":73}},"20":{"start":{"line":57,"column":4},"end":{"line":57,"column":49}},"21":{"start":{"line":21,"column":13},"end":{"line":21,"column":25}},"22":{"start":{"line":21,"column":13},"end":{"line":59,"column":null}}},"fnMap":{"0":{"name":"(anonymous_2)","decl":{"start":{"line":22,"column":2},"end":{"line":22,"column":null}},"loc":{"start":{"line":24,"column":41},"end":{"line":25,"column":6}}},"1":{"name":"(anonymous_3)","decl":{"start":{"line":27,"column":2},"end":{"line":27,"column":7}},"loc":{"start":{"line":27,"column":45},"end":{"line":53,"column":3}}},"2":{"name":"(anonymous_4)","decl":{"start":{"line":55,"column":10},"end":{"line":55,"column":32}},"loc":{"start":{"line":55,"column":45},"end":{"line":58,"column":3}}}},"branchMap":{"0":{"loc":{"start":{"line":34,"column":4},"end":{"line":36,"column":5}},"type":"if","locations":[{"start":{"line":34,"column":4},"end":{"line":36,"column":5}},{"start":{},"end":{}}]},"1":{"loc":{"start":{"line":41,"column":4},"end":{"line":43,"column":5}},"type":"if","locations":[{"start":{"line":41,"column":4},"end":{"line":43,"column":5}},{"start":{},"end":{}}]},"2":{"loc":{"start":{"line":56,"column":26},"end":{"line":56,"column":73}},"type":"binary-expr","locations":[{"start":{"line":56,"column":26},"end":{"line":56,"column":67}},{"start":{"line":56,"column":71},"end":{"line":56,"column":73}}]},"3":{"loc":{"start":{"line":57,"column":11},"end":{"line":57,"column":48}},"type":"cond-expr","locations":[{"start":{"line":57,"column":31},"end":{"line":57,"column":36}},{"start":{"line":57,"column":39},"end":{"line":57,"column":48}}]}},"s":{"0":0,"1":0,"2":0,"3":0,"4":0,"5":0,"6":0,"7":0,"8":0,"9":0,"10":0,"11":0,"12":0,"13":0,"14":0,"15":0,"16":0,"17":0,"18":0,"19":0,"20":0,"21":0,"22":0},"f":{"0":0,"1":0,"2":0},"b":{"0":[0,0],"1":[0,0],"2":[0,0],"3":[0,0]}}
,"D:\\Code\\VSCode_Project\\StudyFlowNote\\backend\\src\\modules\\health\\health.controller.ts": {"path":"D:\\Code\\VSCode_Project\\StudyFlowNote\\backend\\src\\modules\\health\\health.controller.ts","statementMap":{"0":{"start":{"line":1,"column":0},"end":{"line":1,"column":49}},"1":{"start":{"line":2,"column":0},"end":{"line":2,"column":49}},"2":{"start":{"line":3,"column":0},"end":{"line":3,"column":56}},"3":{"start":{"line":7,"column":7},"end":{"line":15,"column":null}},"4":{"start":{"line":8,"column":31},"end":{"line":8,"column":46}},"5":{"start":{"line":13,"column":4},"end":{"line":13,"column":38}},"6":{"start":{"line":7,"column":13},"end":{"line":7,"column":29}},"7":{"start":{"line":12,"column":2},"end":{"line":14,"column":null}},"8":{"start":{"line":7,"column":13},"end":{"line":15,"column":null}}},"fnMap":{"0":{"name":"(anonymous_2)","decl":{"start":{"line":8,"column":2},"end":{"line":8,"column":31}},"loc":{"start":{"line":8,"column":59},"end":{"line":8,"column":63}}},"1":{"name":"(anonymous_3)","decl":{"start":{"line":12,"column":2},"end":{"line":12,"column":7}},"loc":{"start":{"line":12,"column":7},"end":{"line":14,"column":3}}}},"branchMap":{},"s":{"0":0,"1":0,"2":0,"3":0,"4":0,"5":0,"6":0,"7":0,"8":0},"f":{"0":0,"1":0},"b":{}}
,"D:\\Code\\VSCode_Project\\StudyFlowNote\\backend\\src\\modules\\health\\health.module.ts": {"path":"D:\\Code\\VSCode_Project\\StudyFlowNote\\backend\\src\\modules\\health\\health.module.ts","statementMap":{"0":{"start":{"line":1,"column":0},"end":{"line":1,"column":40}},"1":{"start":{"line":2,"column":0},"end":{"line":2,"column":55}},"2":{"start":{"line":3,"column":0},"end":{"line":3,"column":49}},"3":{"start":{"line":9,"column":7},"end":{"line":9,"column":null}},"4":{"start":{"line":9,"column":13},"end":{"line":9,"column":25}},"5":{"start":{"line":9,"column":13},"end":{"line":9,"column":null}}},"fnMap":{},"branchMap":{},"s":{"0":0,"1":0,"2":0,"3":0,"4":0,"5":0},"f":{},"b":{}}
,"D:\\Code\\VSCode_Project\\StudyFlowNote\\backend\\src\\modules\\health\\health.service.ts": {"path":"D:\\Code\\VSCode_Project\\StudyFlowNote\\backend\\src\\modules\\health\\health.service.ts","statementMap":{"0":{"start":{"line":1,"column":0},"end":{"line":1,"column":44}},"1":{"start":{"line":2,"column":0},"end":{"line":2,"column":60}},"2":{"start":{"line":5,"column":7},"end":{"line":24,"column":null}},"3":{"start":{"line":6,"column":31},"end":{"line":6,"column":39}},"4":{"start":{"line":9,"column":4},"end":{"line":22,"column":5}},"5":{"start":{"line":10,"column":6},"end":{"line":10,"column":44}},"6":{"start":{"line":11,"column":6},"end":{"line":15,"column":8}},"7":{"start":{"line":17,"column":6},"end":{"line":21,"column":8}},"8":{"start":{"line":5,"column":13},"end":{"line":5,"column":26}},"9":{"start":{"line":5,"column":13},"end":{"line":24,"column":null}}},"fnMap":{"0":{"name":"(anonymous_2)","decl":{"start":{"line":6,"column":2},"end":{"line":6,"column":31}},"loc":{"start":{"line":6,"column":52},"end":{"line":6,"column":56}}},"1":{"name":"(anonymous_3)","decl":{"start":{"line":8,"column":2},"end":{"line":8,"column":7}},"loc":{"start":{"line":8,"column":13},"end":{"line":23,"column":3}}}},"branchMap":{},"s":{"0":0,"1":0,"2":0,"3":0,"4":0,"5":0,"6":0,"7":0,"8":0,"9":0},"f":{"0":0,"1":0},"b":{}}
,"D:\\Code\\VSCode_Project\\StudyFlowNote\\backend\\src\\modules\\material\\material.controller.ts": {"path":"D:\\Code\\VSCode_Project\\StudyFlowNote\\backend\\src\\modules\\material\\material.controller.ts","statementMap":{"0":{"start":{"line":1,"column":0},"end":{"line":1,"column":null}},"1":{"start":{"line":16,"column":0},"end":{"line":16,"column":59}},"2":{"start":{"line":17,"column":0},"end":{"line":17,"column":56}},"3":{"start":{"line":18,"column":0},"end":{"line":18,"column":53}},"4":{"start":{"line":19,"column":0},"end":{"line":19,"column":60}},"5":{"start":{"line":20,"column":0},"end":{"line":20,"column":62}},"6":{"start":{"line":21,"column":0},"end":{"line":21,"column":69}},"7":{"start":{"line":23,"column":0},"end":{"line":23,"column":72}},"8":{"start":{"line":24,"column":0},"end":{"line":24,"column":46}},"9":{"start":{"line":28,"column":7},"end":{"line":116,"column":null}},"10":{"start":{"line":29,"column":31},"end":{"line":29,"column":48}},"11":{"start":{"line":52,"column":4},"end":{"line":54,"column":5}},"12":{"start":{"line":53,"column":6},"end":{"line":53,"column":56}},"13":{"start":{"line":57,"column":29},"end":{"line":57,"column":46}},"14":{"start":{"line":58,"column":4},"end":{"line":62,"column":5}},"15":{"start":{"line":59,"column":6},"end":{"line":59,"column":30}},"16":{"start":{"line":60,"column":11},"end":{"line":62,"column":5}},"17":{"start":{"line":61,"column":6},"end":{"line":61,"column":35}},"18":{"start":{"line":64,"column":21},"end":{"line":71,"column":null}},"19":{"start":{"line":74,"column":4},"end":{"line":74,"column":41}},"20":{"start":{"line":87,"column":4},"end":{"line":87,"column":71}},"21":{"start":{"line":88,"column":21},"end":{"line":88,"column":67}},"22":{"start":{"line":89,"column":4},"end":{"line":89,"column":60}},"23":{"start":{"line":102,"column":22},"end":{"line":104,"column":null}},"24":{"start":{"line":106,"column":4},"end":{"line":108,"column":5}},"25":{"start":{"line":107,"column":6},"end":{"line":107,"column":76}},"26":{"start":{"line":109,"column":19},"end":{"line":112,"column":null}},"27":{"start":{"line":114,"column":4},"end":{"line":114,"column":39}},"28":{"start":{"line":28,"column":13},"end":{"line":28,"column":31}},"29":{"start":{"line":38,"column":8},"end":{"line":75,"column":null}},"30":{"start":{"line":83,"column":8},"end":{"line":90,"column":null}},"31":{"start":{"line":98,"column":8},"end":{"line":115,"column":null}},"32":{"start":{"line":28,"column":13},"end":{"line":116,"column":null}}},"fnMap":{"0":{"name":"(anonymous_4)","decl":{"start":{"line":29,"column":2},"end":{"line":29,"column":31}},"loc":{"start":{"line":29,"column":63},"end":{"line":29,"column":67}}},"1":{"name":"(anonymous_5)","decl":{"start":{"line":38,"column":8},"end":{"line":38,"column":14}},"loc":{"start":{"line":50,"column":35},"end":{"line":75,"column":3}}},"2":{"name":"(anonymous_6)","decl":{"start":{"line":83,"column":8},"end":{"line":83,"column":17}},"loc":{"start":{"line":85,"column":35},"end":{"line":90,"column":3}}},"3":{"name":"(anonymous_7)","decl":{"start":{"line":98,"column":8},"end":{"line":98,"column":12}},"loc":{"start":{"line":100,"column":35},"end":{"line":115,"column":3}}}},"branchMap":{"0":{"loc":{"start":{"line":52,"column":4},"end":{"line":54,"column":5}},"type":"if","locations":[{"start":{"line":52,"column":4},"end":{"line":54,"column":5}},{"start":{},"end":{}}]},"1":{"loc":{"start":{"line":58,"column":4},"end":{"line":62,"column":5}},"type":"if","locations":[{"start":{"line":58,"column":4},"end":{"line":62,"column":5}},{"start":{"line":60,"column":11},"end":{"line":62,"column":5}}]},"2":{"loc":{"start":{"line":60,"column":11},"end":{"line":62,"column":5}},"type":"if","locations":[{"start":{"line":60,"column":11},"end":{"line":62,"column":5}},{"start":{},"end":{}}]},"3":{"loc":{"start":{"line":60,"column":15},"end":{"line":60,"column":85}},"type":"binary-expr","locations":[{"start":{"line":60,"column":15},"end":{"line":60,"column":48}},{"start":{"line":60,"column":52},"end":{"line":60,"column":85}}]},"4":{"loc":{"start":{"line":67,"column":15},"end":{"line":67,"column":45}},"type":"binary-expr","locations":[{"start":{"line":67,"column":15},"end":{"line":67,"column":24}},{"start":{"line":67,"column":28},"end":{"line":67,"column":45}}]},"5":{"loc":{"start":{"line":106,"column":4},"end":{"line":108,"column":5}},"type":"if","locations":[{"start":{"line":106,"column":4},"end":{"line":108,"column":5}},{"start":{},"end":{}}]}},"s":{"0":1,"1":1,"2":1,"3":1,"4":1,"5":1,"6":1,"7":1,"8":1,"9":1,"10":7,"11":2,"12":1,"13":1,"14":1,"15":1,"16":0,"17":0,"18":1,"19":1,"20":3,"21":1,"22":1,"23":2,"24":2,"25":1,"26":1,"27":1,"28":1,"29":1,"30":1,"31":1,"32":1},"f":{"0":7,"1":2,"2":3,"3":2},"b":{"0":[1,1],"1":[1,0],"2":[0,0],"3":[0,0],"4":[1,0],"5":[1,1]}}
,"D:\\Code\\VSCode_Project\\StudyFlowNote\\backend\\src\\modules\\material\\material.module.ts": {"path":"D:\\Code\\VSCode_Project\\StudyFlowNote\\backend\\src\\modules\\material\\material.module.ts","statementMap":{"0":{"start":{"line":1,"column":0},"end":{"line":1,"column":40}},"1":{"start":{"line":2,"column":0},"end":{"line":2,"column":42}},"2":{"start":{"line":3,"column":0},"end":{"line":3,"column":59}},"3":{"start":{"line":4,"column":0},"end":{"line":4,"column":53}},"4":{"start":{"line":5,"column":0},"end":{"line":5,"column":68}},"5":{"start":{"line":6,"column":0},"end":{"line":6,"column":66}},"6":{"start":{"line":18,"column":7},"end":{"line":18,"column":null}},"7":{"start":{"line":18,"column":13},"end":{"line":18,"column":27}},"8":{"start":{"line":18,"column":13},"end":{"line":18,"column":null}}},"fnMap":{},"branchMap":{},"s":{"0":0,"1":0,"2":0,"3":0,"4":0,"5":0,"6":0,"7":0,"8":0},"f":{},"b":{}}
,"D:\\Code\\VSCode_Project\\StudyFlowNote\\backend\\src\\modules\\material\\material.service.ts": {"path":"D:\\Code\\VSCode_Project\\StudyFlowNote\\backend\\src\\modules\\material\\material.service.ts","statementMap":{"0":{"start":{"line":1,"column":0},"end":{"line":1,"column":null}},"1":{"start":{"line":9,"column":0},"end":{"line":9,"column":43}},"2":{"start":{"line":10,"column":0},"end":{"line":10,"column":60}},"3":{"start":{"line":11,"column":0},"end":{"line":11,"column":62}},"4":{"start":{"line":13,"column":0},"end":{"line":13,"column":47}},"5":{"start":{"line":14,"column":0},"end":{"line":14,"column":34}},"6":{"start":{"line":15,"column":0},"end":{"line":15,"column":29}},"7":{"start":{"line":16,"column":0},"end":{"line":16,"column":36}},"8":{"start":{"line":25,"column":28},"end":{"line":304,"column":null}},"9":{"start":{"line":30,"column":21},"end":{"line":30,"column":29}},"10":{"start":{"line":31,"column":46},"end":{"line":31,"column":66}},"11":{"start":{"line":32,"column":21},"end":{"line":32,"column":36}},"12":{"start":{"line":26,"column":19},"end":{"line":26,"column":61}},"13":{"start":{"line":34,"column":4},"end":{"line":34,"column":79}},"14":{"start":{"line":42,"column":39},"end":{"line":42,"column":42}},"15":{"start":{"line":45,"column":20},"end":{"line":47,"column":6}},"16":{"start":{"line":49,"column":4},"end":{"line":51,"column":5}},"17":{"start":{"line":50,"column":6},"end":{"line":50,"column":57}},"18":{"start":{"line":53,"column":4},"end":{"line":55,"column":5}},"19":{"start":{"line":54,"column":6},"end":{"line":54,"column":77}},"20":{"start":{"line":58,"column":21},"end":{"line":65,"column":6}},"21":{"start":{"line":67,"column":4},"end":{"line":67,"column":56}},"22":{"start":{"line":70,"column":4},"end":{"line":82,"column":5}},"23":{"start":{"line":71,"column":25},"end":{"line":71,"column":63}},"24":{"start":{"line":72,"column":6},"end":{"line":80,"column":9}},"25":{"start":{"line":81,"column":6},"end":{"line":81,"column":79}},"26":{"start":{"line":85,"column":4},"end":{"line":96,"column":6}},"27":{"start":{"line":98,"column":4},"end":{"line":98,"column":37}},"28":{"start":{"line":108,"column":23},"end":{"line":108,"column":53}},"29":{"start":{"line":111,"column":4},"end":{"line":111,"column":52}},"30":{"start":{"line":114,"column":16},"end":{"line":114,"column":47}},"31":{"start":{"line":115,"column":21},"end":{"line":115,"column":58}},"32":{"start":{"line":116,"column":27},"end":{"line":116,"column":62}},"33":{"start":{"line":117,"column":21},"end":{"line":117,"column":58}},"34":{"start":{"line":120,"column":4},"end":{"line":120,"column":46}},"35":{"start":{"line":122,"column":4},"end":{"line":122,"column":20}},"36":{"start":{"line":129,"column":21},"end":{"line":131,"column":6}},"37":{"start":{"line":133,"column":4},"end":{"line":135,"column":5}},"38":{"start":{"line":134,"column":6},"end":{"line":134,"column":56}},"39":{"start":{"line":137,"column":4},"end":{"line":137,"column":20}},"40":{"start":{"line":144,"column":17},"end":{"line":144,"column":38}},"41":{"start":{"line":146,"column":27},"end":{"line":154,"column":6}},"42":{"start":{"line":156,"column":4},"end":{"line":156,"column":44}},"43":{"start":{"line":163,"column":21},"end":{"line":163,"column":51}},"44":{"start":{"line":165,"column":20},"end":{"line":168,"column":6}},"45":{"start":{"line":170,"column":4},"end":{"line":170,"column":74}},"46":{"start":{"line":172,"column":4},"end":{"line":172,"column":19}},"47":{"start":{"line":181,"column":4},"end":{"line":183,"column":5}},"48":{"start":{"line":182,"column":6},"end":{"line":182,"column":59}},"49":{"start":{"line":186,"column":22},"end":{"line":186,"column":63}},"50":{"start":{"line":189,"column":4},"end":{"line":191,"column":5}},"51":{"start":{"line":190,"column":6},"end":{"line":190,"column":59}},"52":{"start":{"line":194,"column":17},"end":{"line":194,"column":49}},"53":{"start":{"line":197,"column":25},"end":{"line":197,"column":49}},"54":{"start":{"line":198,"column":32},"end":{"line":198,"column":71}},"55":{"start":{"line":200,"column":4},"end":{"line":202,"column":5}},"56":{"start":{"line":201,"column":6},"end":{"line":201,"column":59}},"57":{"start":{"line":204,"column":4},"end":{"line":204,"column":16}},"58":{"start":{"line":214,"column":20},"end":{"line":216,"column":6}},"59":{"start":{"line":218,"column":4},"end":{"line":220,"column":5}},"60":{"start":{"line":219,"column":6},"end":{"line":219,"column":19}},"61":{"start":{"line":222,"column":4},"end":{"line":222,"column":37}},"62":{"start":{"line":234,"column":21},"end":{"line":236,"column":6}},"63":{"start":{"line":238,"column":4},"end":{"line":240,"column":5}},"64":{"start":{"line":239,"column":6},"end":{"line":239,"column":56}},"65":{"start":{"line":242,"column":20},"end":{"line":244,"column":6}},"66":{"start":{"line":246,"column":4},"end":{"line":248,"column":5}},"67":{"start":{"line":247,"column":6},"end":{"line":247,"column":19}},"68":{"start":{"line":250,"column":4},"end":{"line":252,"column":5}},"69":{"start":{"line":251,"column":6},"end":{"line":251,"column":77}},"70":{"start":{"line":254,"column":4},"end":{"line":254,"column":16}},"71":{"start":{"line":268,"column":4},"end":{"line":268,"column":35}},"72":{"start":{"line":270,"column":20},"end":{"line":277,"column":6}},"73":{"start":{"line":279,"column":4},"end":{"line":279,"column":81}},"74":{"start":{"line":281,"column":4},"end":{"line":281,"column":19}},"75":{"start":{"line":290,"column":4},"end":{"line":290,"column":35}},"76":{"start":{"line":292,"column":20},"end":{"line":298,"column":6}},"77":{"start":{"line":300,"column":4},"end":{"line":300,"column":75}},"78":{"start":{"line":302,"column":4},"end":{"line":302,"column":19}},"79":{"start":{"line":25,"column":13},"end":{"line":25,"column":28}},"80":{"start":{"line":25,"column":13},"end":{"line":304,"column":null}}},"fnMap":{"0":{"name":"(anonymous_13)","decl":{"start":{"line":29,"column":2},"end":{"line":29,"column":null}},"loc":{"start":{"line":32,"column":49},"end":{"line":35,"column":3}}},"1":{"name":"(anonymous_14)","decl":{"start":{"line":41,"column":2},"end":{"line":41,"column":7}},"loc":{"start":{"line":41,"column":81},"end":{"line":99,"column":3}}},"2":{"name":"(anonymous_15)","decl":{"start":{"line":107,"column":2},"end":{"line":107,"column":7}},"loc":{"start":{"line":107,"column":62},"end":{"line":123,"column":3}}},"3":{"name":"(anonymous_16)","decl":{"start":{"line":128,"column":2},"end":{"line":128,"column":7}},"loc":{"start":{"line":128,"column":34},"end":{"line":138,"column":3}}},"4":{"name":"(anonymous_17)","decl":{"start":{"line":143,"column":2},"end":{"line":143,"column":7}},"loc":{"start":{"line":143,"column":64},"end":{"line":157,"column":3}}},"5":{"name":"(anonymous_18)","decl":{"start":{"line":162,"column":2},"end":{"line":162,"column":7}},"loc":{"start":{"line":162,"column":63},"end":{"line":173,"column":3}}},"6":{"name":"(anonymous_19)","decl":{"start":{"line":179,"column":2},"end":{"line":179,"column":15}},"loc":{"start":{"line":179,"column":34},"end":{"line":205,"column":3}}},"7":{"name":"(anonymous_20)","decl":{"start":{"line":213,"column":2},"end":{"line":213,"column":7}},"loc":{"start":{"line":213,"column":63},"end":{"line":223,"column":3}}},"8":{"name":"(anonymous_21)","decl":{"start":{"line":233,"column":2},"end":{"line":233,"column":7}},"loc":{"start":{"line":233,"column":60},"end":{"line":255,"column":3}}},"9":{"name":"(anonymous_22)","decl":{"start":{"line":263,"column":2},"end":{"line":263,"column":7}},"loc":{"start":{"line":266,"column":49},"end":{"line":282,"column":3}}},"10":{"name":"(anonymous_23)","decl":{"start":{"line":289,"column":2},"end":{"line":289,"column":7}},"loc":{"start":{"line":289,"column":63},"end":{"line":303,"column":3}}}},"branchMap":{"0":{"loc":{"start":{"line":49,"column":4},"end":{"line":51,"column":5}},"type":"if","locations":[{"start":{"line":49,"column":4},"end":{"line":51,"column":5}},{"start":{},"end":{}}]},"1":{"loc":{"start":{"line":53,"column":4},"end":{"line":55,"column":5}},"type":"if","locations":[{"start":{"line":53,"column":4},"end":{"line":55,"column":5}},{"start":{},"end":{}}]},"2":{"loc":{"start":{"line":61,"column":15},"end":{"line":61,"column":34}},"type":"binary-expr","locations":[{"start":{"line":61,"column":15},"end":{"line":61,"column":20}},{"start":{"line":61,"column":24},"end":{"line":61,"column":34}}]},"3":{"loc":{"start":{"line":70,"column":4},"end":{"line":82,"column":5}},"type":"if","locations":[{"start":{"line":70,"column":4},"end":{"line":82,"column":5}},{"start":{},"end":{}}]},"4":{"loc":{"start":{"line":133,"column":4},"end":{"line":135,"column":5}},"type":"if","locations":[{"start":{"line":133,"column":4},"end":{"line":135,"column":5}},{"start":{},"end":{}}]},"5":{"loc":{"start":{"line":143,"column":41},"end":{"line":143,"column":49}},"type":"default-arg","locations":[{"start":{"line":143,"column":48},"end":{"line":143,"column":49}}]},"6":{"loc":{"start":{"line":143,"column":51},"end":{"line":143,"column":64}},"type":"default-arg","locations":[{"start":{"line":143,"column":62},"end":{"line":143,"column":64}}]},"7":{"loc":{"start":{"line":181,"column":4},"end":{"line":183,"column":5}},"type":"if","locations":[{"start":{"line":181,"column":4},"end":{"line":183,"column":5}},{"start":{},"end":{}}]},"8":{"loc":{"start":{"line":181,"column":8},"end":{"line":181,"column":41}},"type":"binary-expr","locations":[{"start":{"line":181,"column":8},"end":{"line":181,"column":19}},{"start":{"line":181,"column":23},"end":{"line":181,"column":41}}]},"9":{"loc":{"start":{"line":189,"column":4},"end":{"line":191,"column":5}},"type":"if","locations":[{"start":{"line":189,"column":4},"end":{"line":191,"column":5}},{"start":{},"end":{}}]},"10":{"loc":{"start":{"line":200,"column":4},"end":{"line":202,"column":5}},"type":"if","locations":[{"start":{"line":200,"column":4},"end":{"line":202,"column":5}},{"start":{},"end":{}}]},"11":{"loc":{"start":{"line":218,"column":4},"end":{"line":220,"column":5}},"type":"if","locations":[{"start":{"line":218,"column":4},"end":{"line":220,"column":5}},{"start":{},"end":{}}]},"12":{"loc":{"start":{"line":238,"column":4},"end":{"line":240,"column":5}},"type":"if","locations":[{"start":{"line":238,"column":4},"end":{"line":240,"column":5}},{"start":{},"end":{}}]},"13":{"loc":{"start":{"line":246,"column":4},"end":{"line":248,"column":5}},"type":"if","locations":[{"start":{"line":246,"column":4},"end":{"line":248,"column":5}},{"start":{},"end":{}}]},"14":{"loc":{"start":{"line":250,"column":4},"end":{"line":252,"column":5}},"type":"if","locations":[{"start":{"line":250,"column":4},"end":{"line":252,"column":5}},{"start":{},"end":{}}]},"15":{"loc":{"start":{"line":266,"column":4},"end":{"line":266,"column":49}},"type":"default-arg","locations":[{"start":{"line":266,"column":29},"end":{"line":266,"column":49}}]}},"s":{"0":3,"1":3,"2":3,"3":3,"4":3,"5":3,"6":3,"7":3,"8":3,"9":37,"10":37,"11":37,"12":37,"13":37,"14":7,"15":7,"16":7,"17":1,"18":6,"19":1,"20":5,"21":5,"22":5,"23":2,"24":1,"25":1,"26":4,"27":4,"28":8,"29":7,"30":7,"31":7,"32":7,"33":7,"34":7,"35":7,"36":12,"37":12,"38":3,"39":9,"40":1,"41":1,"42":1,"43":1,"44":1,"45":1,"46":1,"47":19,"48":1,"49":18,"50":18,"51":2,"52":16,"53":16,"54":16,"55":16,"56":0,"57":16,"58":3,"59":3,"60":1,"61":2,"62":3,"63":3,"64":1,"65":2,"66":2,"67":0,"68":2,"69":1,"70":1,"71":3,"72":2,"73":2,"74":2,"75":2,"76":1,"77":1,"78":1,"79":3,"80":3},"f":{"0":37,"1":7,"2":8,"3":12,"4":1,"5":1,"6":19,"7":3,"8":3,"9":3,"10":2},"b":{"0":[1,6],"1":[1,5],"2":[5,0],"3":[2,3],"4":[3,9],"5":[0],"6":[0],"7":[1,18],"8":[19,18],"9":[2,16],"10":[0,16],"11":[1,2],"12":[1,2],"13":[0,2],"14":[1,1],"15":[2]}}
,"D:\\Code\\VSCode_Project\\StudyFlowNote\\backend\\src\\modules\\material\\dto\\create-material.dto.ts": {"path":"D:\\Code\\VSCode_Project\\StudyFlowNote\\backend\\src\\modules\\material\\dto\\create-material.dto.ts","statementMap":{"0":{"start":{"line":1,"column":0},"end":{"line":1,"column":67}},"1":{"start":{"line":3,"column":0},"end":{"line":3,"column":13}},"2":{"start":{"line":6,"column":2},"end":{"line":6,"column":null}},"3":{"start":{"line":10,"column":2},"end":{"line":10,"column":null}}},"fnMap":{},"branchMap":{},"s":{"0":1,"1":1,"2":1,"3":1},"f":{},"b":{}}
,"D:\\Code\\VSCode_Project\\StudyFlowNote\\backend\\src\\modules\\material\\dto\\list-material-query.dto.ts": {"path":"D:\\Code\\VSCode_Project\\StudyFlowNote\\backend\\src\\modules\\material\\dto\\list-material-query.dto.ts","statementMap":{"0":{"start":{"line":1,"column":0},"end":{"line":1,"column":79}},"1":{"start":{"line":11,"column":2},"end":{"line":11,"column":20}},"2":{"start":{"line":16,"column":2},"end":{"line":16,"column":25}},"3":{"start":{"line":3,"column":0},"end":{"line":3,"column":13}},"4":{"start":{"line":6,"column":2},"end":{"line":6,"column":null}},"5":{"start":{"line":11,"column":2},"end":{"line":11,"column":null}},"6":{"start":{"line":16,"column":2},"end":{"line":16,"column":null}}},"fnMap":{"0":{"name":"(anonymous_2)","decl":{"start":{"line":3,"column":0},"end":{"line":3,"column":13}},"loc":{"start":{"line":3,"column":0},"end":{"line":17,"column":1}}}},"branchMap":{},"s":{"0":1,"1":0,"2":0,"3":1,"4":1,"5":1,"6":1},"f":{"0":0},"b":{}}
,"D:\\Code\\VSCode_Project\\StudyFlowNote\\backend\\src\\modules\\material\\processors\\content-extractor.ts": {"path":"D:\\Code\\VSCode_Project\\StudyFlowNote\\backend\\src\\modules\\material\\processors\\content-extractor.ts","statementMap":{"0":{"start":{"line":1,"column":0},"end":{"line":1,"column":52}},"1":{"start":{"line":2,"column":0},"end":{"line":2,"column":34}},"2":{"start":{"line":6,"column":19},"end":{"line":6,"column":62}},"3":{"start":{"line":25,"column":4},"end":{"line":25,"column":75}},"4":{"start":{"line":28,"column":4},"end":{"line":32,"column":5}},"5":{"start":{"line":29,"column":6},"end":{"line":29,"column":32}},"6":{"start":{"line":31,"column":6},"end":{"line":31,"column":53}},"7":{"start":{"line":34,"column":4},"end":{"line":48,"column":5}},"8":{"start":{"line":36,"column":8},"end":{"line":36,"column":41}},"9":{"start":{"line":41,"column":8},"end":{"line":41,"column":42}},"10":{"start":{"line":44,"column":8},"end":{"line":44,"column":42}},"11":{"start":{"line":47,"column":8},"end":{"line":47,"column":62}},"12":{"start":{"line":56,"column":21},"end":{"line":56,"column":41}},"13":{"start":{"line":57,"column":19},"end":{"line":57,"column":46}},"14":{"start":{"line":58,"column":17},"end":{"line":58,"column":39}},"15":{"start":{"line":59,"column":4},"end":{"line":59,"column":27}},"16":{"start":{"line":66,"column":20},"end":{"line":66,"column":56}},"17":{"start":{"line":67,"column":4},"end":{"line":67,"column":19}},"18":{"start":{"line":75,"column":4},"end":{"line":82,"column":5}},"19":{"start":{"line":77,"column":6},"end":{"line":77,"column":41}},"20":{"start":{"line":79,"column":6},"end":{"line":81,"column":8}},"21":{"start":{"line":84,"column":19},"end":{"line":84,"column":73}},"22":{"start":{"line":85,"column":4},"end":{"line":85,"column":30}},"23":{"start":{"line":5,"column":13},"end":{"line":5,"column":29}},"24":{"start":{"line":9,"column":18},"end":{"line":16,"column":4}},"25":{"start":{"line":5,"column":13},"end":{"line":87,"column":null}}},"fnMap":{"0":{"name":"(anonymous_10)","decl":{"start":{"line":5,"column":7},"end":{"line":5,"column":13}},"loc":{"start":{"line":5,"column":7},"end":{"line":87,"column":1}}},"1":{"name":"(anonymous_11)","decl":{"start":{"line":24,"column":2},"end":{"line":24,"column":7}},"loc":{"start":{"line":24,"column":50},"end":{"line":49,"column":3}}},"2":{"name":"(anonymous_12)","decl":{"start":{"line":54,"column":10},"end":{"line":54,"column":15}},"loc":{"start":{"line":54,"column":43},"end":{"line":60,"column":3}}},"3":{"name":"(anonymous_13)","decl":{"start":{"line":65,"column":10},"end":{"line":65,"column":15}},"loc":{"start":{"line":65,"column":44},"end":{"line":68,"column":3}}},"4":{"name":"(anonymous_14)","decl":{"start":{"line":73,"column":10},"end":{"line":73,"column":15}},"loc":{"start":{"line":73,"column":44},"end":{"line":86,"column":3}}}},"branchMap":{"0":{"loc":{"start":{"line":34,"column":4},"end":{"line":48,"column":5}},"type":"switch","locations":[{"start":{"line":35,"column":6},"end":{"line":36,"column":41}},{"start":{"line":38,"column":6},"end":{"line":38,"column":24}},{"start":{"line":39,"column":6},"end":{"line":39,"column":27}},{"start":{"line":40,"column":6},"end":{"line":41,"column":42}},{"start":{"line":43,"column":6},"end":{"line":44,"column":42}},{"start":{"line":46,"column":6},"end":{"line":47,"column":62}}]},"1":{"loc":{"start":{"line":59,"column":11},"end":{"line":59,"column":26}},"type":"binary-expr","locations":[{"start":{"line":59,"column":11},"end":{"line":59,"column":20}},{"start":{"line":59,"column":24},"end":{"line":59,"column":26}}]},"2":{"loc":{"start":{"line":85,"column":11},"end":{"line":85,"column":29}},"type":"binary-expr","locations":[{"start":{"line":85,"column":11},"end":{"line":85,"column":23}},{"start":{"line":85,"column":27},"end":{"line":85,"column":29}}]}},"s":{"0":2,"1":2,"2":16,"3":11,"4":11,"5":11,"6":1,"7":10,"8":3,"9":6,"10":0,"11":1,"12":3,"13":3,"14":3,"15":2,"16":6,"17":6,"18":0,"19":0,"20":0,"21":0,"22":0,"23":2,"24":2,"25":2},"f":{"0":16,"1":11,"2":3,"3":6,"4":0},"b":{"0":[3,5,6,6,0,1],"1":[2,1],"2":[0,0]}}
,"D:\\Code\\VSCode_Project\\StudyFlowNote\\backend\\src\\modules\\material\\processors\\material.processor.ts": {"path":"D:\\Code\\VSCode_Project\\StudyFlowNote\\backend\\src\\modules\\material\\processors\\material.processor.ts","statementMap":{"0":{"start":{"line":1,"column":0},"end":{"line":1,"column":71}},"1":{"start":{"line":2,"column":0},"end":{"line":2,"column":40}},"2":{"start":{"line":4,"column":0},"end":{"line":4,"column":54}},"3":{"start":{"line":5,"column":0},"end":{"line":5,"column":55}},"4":{"start":{"line":6,"column":0},"end":{"line":6,"column":48}},"5":{"start":{"line":9,"column":30},"end":{"line":91,"column":null}},"6":{"start":{"line":13,"column":21},"end":{"line":13,"column":38}},"7":{"start":{"line":14,"column":21},"end":{"line":14,"column":39}},"8":{"start":{"line":10,"column":19},"end":{"line":10,"column":63}},"9":{"start":{"line":22,"column":27},"end":{"line":22,"column":35}},"10":{"start":{"line":23,"column":4},"end":{"line":23,"column":58}},"11":{"start":{"line":25,"column":4},"end":{"line":64,"column":5}},"12":{"start":{"line":27,"column":23},"end":{"line":27,"column":69}},"13":{"start":{"line":30,"column":6},"end":{"line":32,"column":7}},"14":{"start":{"line":31,"column":8},"end":{"line":31,"column":50}},"15":{"start":{"line":35,"column":6},"end":{"line":35,"column":82}},"16":{"start":{"line":38,"column":23},"end":{"line":38,"column":70}},"17":{"start":{"line":39,"column":6},"end":{"line":41,"column":7}},"18":{"start":{"line":40,"column":8},"end":{"line":40,"column":62}},"19":{"start":{"line":44,"column":22},"end":{"line":46,"column":null}},"20":{"start":{"line":50,"column":6},"end":{"line":50,"column":90}},"21":{"start":{"line":52,"column":6},"end":{"line":52,"column":71}},"22":{"start":{"line":54,"column":6},"end":{"line":56,"column":8}},"23":{"start":{"line":60,"column":6},"end":{"line":60,"column":81}},"24":{"start":{"line":63,"column":6},"end":{"line":63,"column":18}},"25":{"start":{"line":72,"column":27},"end":{"line":72,"column":35}},"26":{"start":{"line":73,"column":4},"end":{"line":75,"column":6}},"27":{"start":{"line":79,"column":4},"end":{"line":89,"column":5}},"28":{"start":{"line":80,"column":23},"end":{"line":80,"column":69}},"29":{"start":{"line":81,"column":6},"end":{"line":86,"column":7}},"30":{"start":{"line":82,"column":8},"end":{"line":85,"column":10}},"31":{"start":{"line":88,"column":6},"end":{"line":88,"column":85}},"32":{"start":{"line":9,"column":13},"end":{"line":9,"column":30}},"33":{"start":{"line":21,"column":8},"end":{"line":65,"column":null}},"34":{"start":{"line":71,"column":8},"end":{"line":90,"column":null}},"35":{"start":{"line":9,"column":13},"end":{"line":91,"column":null}}},"fnMap":{"0":{"name":"(anonymous_2)","decl":{"start":{"line":12,"column":2},"end":{"line":12,"column":null}},"loc":{"start":{"line":14,"column":55},"end":{"line":15,"column":6}}},"1":{"name":"(anonymous_3)","decl":{"start":{"line":21,"column":8},"end":{"line":21,"column":23}},"loc":{"start":{"line":21,"column":56},"end":{"line":65,"column":3}}},"2":{"name":"(anonymous_4)","decl":{"start":{"line":71,"column":8},"end":{"line":71,"column":21}},"loc":{"start":{"line":71,"column":68},"end":{"line":90,"column":3}}}},"branchMap":{"0":{"loc":{"start":{"line":30,"column":6},"end":{"line":32,"column":7}},"type":"if","locations":[{"start":{"line":30,"column":6},"end":{"line":32,"column":7}},{"start":{},"end":{}}]},"1":{"loc":{"start":{"line":38,"column":23},"end":{"line":38,"column":70}},"type":"binary-expr","locations":[{"start":{"line":38,"column":23},"end":{"line":38,"column":40}},{"start":{"line":38,"column":44},"end":{"line":38,"column":70}}]},"2":{"loc":{"start":{"line":39,"column":6},"end":{"line":41,"column":7}},"type":"if","locations":[{"start":{"line":39,"column":6},"end":{"line":41,"column":7}},{"start":{},"end":{}}]},"3":{"loc":{"start":{"line":55,"column":53},"end":{"line":55,"column":109}},"type":"cond-expr","locations":[{"start":{"line":55,"column":78},"end":{"line":55,"column":91}},{"start":{"line":55,"column":94},"end":{"line":55,"column":109}}]},"4":{"loc":{"start":{"line":81,"column":6},"end":{"line":86,"column":7}},"type":"if","locations":[{"start":{"line":81,"column":6},"end":{"line":86,"column":7}},{"start":{},"end":{}}]}},"s":{"0":1,"1":1,"2":1,"3":1,"4":1,"5":1,"6":17,"7":17,"8":17,"9":14,"10":14,"11":14,"12":14,"13":13,"14":1,"15":12,"16":12,"17":12,"18":3,"19":9,"20":4,"21":4,"22":10,"23":10,"24":10,"25":3,"26":3,"27":3,"28":3,"29":2,"30":1,"31":1,"32":1,"33":1,"34":1,"35":1},"f":{"0":17,"1":14,"2":3},"b":{"0":[1,12],"1":[12,1],"2":[3,9],"3":[10,0],"4":[1,1]}}
,"D:\\Code\\VSCode_Project\\StudyFlowNote\\backend\\src\\modules\\project\\project.controller.ts": {"path":"D:\\Code\\VSCode_Project\\StudyFlowNote\\backend\\src\\modules\\project\\project.controller.ts","statementMap":{"0":{"start":{"line":1,"column":0},"end":{"line":1,"column":null}},"1":{"start":{"line":11,"column":0},"end":{"line":11,"column":56}},"2":{"start":{"line":12,"column":0},"end":{"line":12,"column":60}},"3":{"start":{"line":13,"column":0},"end":{"line":13,"column":67}},"4":{"start":{"line":14,"column":0},"end":{"line":14,"column":60}},"5":{"start":{"line":15,"column":0},"end":{"line":15,"column":51}},"6":{"start":{"line":16,"column":0},"end":{"line":16,"column":60}},"7":{"start":{"line":17,"column":0},"end":{"line":17,"column":61}},"8":{"start":{"line":18,"column":0},"end":{"line":18,"column":72}},"9":{"start":{"line":27,"column":7},"end":{"line":113,"column":null}},"10":{"start":{"line":28,"column":31},"end":{"line":28,"column":47}},"11":{"start":{"line":42,"column":17},"end":{"line":42,"column":64}},"12":{"start":{"line":43,"column":4},"end":{"line":43,"column":37}},"13":{"start":{"line":58,"column":17},"end":{"line":61,"column":null}},"14":{"start":{"line":63,"column":4},"end":{"line":63,"column":37}},"15":{"start":{"line":76,"column":17},"end":{"line":76,"column":61}},"16":{"start":{"line":77,"column":4},"end":{"line":77,"column":37}},"17":{"start":{"line":94,"column":17},"end":{"line":94,"column":75}},"18":{"start":{"line":95,"column":4},"end":{"line":95,"column":37}},"19":{"start":{"line":110,"column":17},"end":{"line":110,"column":70}},"20":{"start":{"line":111,"column":4},"end":{"line":111,"column":37}},"21":{"start":{"line":27,"column":13},"end":{"line":27,"column":30}},"22":{"start":{"line":38,"column":8},"end":{"line":44,"column":null}},"23":{"start":{"line":54,"column":8},"end":{"line":64,"column":null}},"24":{"start":{"line":75,"column":8},"end":{"line":78,"column":null}},"25":{"start":{"line":89,"column":8},"end":{"line":96,"column":null}},"26":{"start":{"line":106,"column":8},"end":{"line":112,"column":null}},"27":{"start":{"line":27,"column":13},"end":{"line":113,"column":null}}},"fnMap":{"0":{"name":"(anonymous_4)","decl":{"start":{"line":28,"column":2},"end":{"line":28,"column":31}},"loc":{"start":{"line":28,"column":61},"end":{"line":28,"column":65}}},"1":{"name":"(anonymous_5)","decl":{"start":{"line":38,"column":8},"end":{"line":38,"column":14}},"loc":{"start":{"line":40,"column":35},"end":{"line":44,"column":3}}},"2":{"name":"(anonymous_6)","decl":{"start":{"line":54,"column":8},"end":{"line":54,"column":12}},"loc":{"start":{"line":56,"column":39},"end":{"line":64,"column":3}}},"3":{"name":"(anonymous_7)","decl":{"start":{"line":75,"column":8},"end":{"line":75,"column":14}},"loc":{"start":{"line":75,"column":52},"end":{"line":78,"column":3}}},"4":{"name":"(anonymous_8)","decl":{"start":{"line":89,"column":8},"end":{"line":89,"column":14}},"loc":{"start":{"line":92,"column":35},"end":{"line":96,"column":3}}},"5":{"name":"(anonymous_9)","decl":{"start":{"line":106,"column":8},"end":{"line":106,"column":14}},"loc":{"start":{"line":108,"column":35},"end":{"line":112,"column":3}}}},"branchMap":{},"s":{"0":0,"1":0,"2":0,"3":0,"4":0,"5":0,"6":0,"7":0,"8":0,"9":0,"10":0,"11":0,"12":0,"13":0,"14":0,"15":0,"16":0,"17":0,"18":0,"19":0,"20":0,"21":0,"22":0,"23":0,"24":0,"25":0,"26":0,"27":0},"f":{"0":0,"1":0,"2":0,"3":0,"4":0,"5":0},"b":{}}
,"D:\\Code\\VSCode_Project\\StudyFlowNote\\backend\\src\\modules\\project\\project.module.ts": {"path":"D:\\Code\\VSCode_Project\\StudyFlowNote\\backend\\src\\modules\\project\\project.module.ts","statementMap":{"0":{"start":{"line":1,"column":0},"end":{"line":1,"column":40}},"1":{"start":{"line":2,"column":0},"end":{"line":2,"column":57}},"2":{"start":{"line":3,"column":0},"end":{"line":3,"column":51}},"3":{"start":{"line":9,"column":7},"end":{"line":9,"column":null}},"4":{"start":{"line":9,"column":13},"end":{"line":9,"column":26}},"5":{"start":{"line":9,"column":13},"end":{"line":9,"column":null}}},"fnMap":{},"branchMap":{},"s":{"0":0,"1":0,"2":0,"3":0,"4":0,"5":0},"f":{},"b":{}}
,"D:\\Code\\VSCode_Project\\StudyFlowNote\\backend\\src\\modules\\project\\project.service.ts": {"path":"D:\\Code\\VSCode_Project\\StudyFlowNote\\backend\\src\\modules\\project\\project.service.ts","statementMap":{"0":{"start":{"line":1,"column":0},"end":{"line":1,"column":112}},"1":{"start":{"line":2,"column":0},"end":{"line":2,"column":60}},"2":{"start":{"line":11,"column":27},"end":{"line":150,"column":null}},"3":{"start":{"line":14,"column":31},"end":{"line":14,"column":39}},"4":{"start":{"line":12,"column":19},"end":{"line":12,"column":60}},"5":{"start":{"line":22,"column":17},"end":{"line":22,"column":77}},"6":{"start":{"line":23,"column":4},"end":{"line":25,"column":5}},"7":{"start":{"line":24,"column":6},"end":{"line":24,"column":56}},"8":{"start":{"line":36,"column":4},"end":{"line":36,"column":73}},"9":{"start":{"line":37,"column":4},"end":{"line":37,"column":40}},"10":{"start":{"line":38,"column":20},"end":{"line":48,"column":6}},"11":{"start":{"line":49,"column":4},"end":{"line":49,"column":54}},"12":{"start":{"line":50,"column":4},"end":{"line":50,"column":19}},"13":{"start":{"line":62,"column":4},"end":{"line":62,"column":98}},"14":{"start":{"line":63,"column":4},"end":{"line":63,"column":40}},"15":{"start":{"line":64,"column":17},"end":{"line":64,"column":38}},"16":{"start":{"line":65,"column":27},"end":{"line":73,"column":6}},"17":{"start":{"line":74,"column":4},"end":{"line":74,"column":67}},"18":{"start":{"line":75,"column":4},"end":{"line":75,"column":44}},"19":{"start":{"line":85,"column":4},"end":{"line":85,"column":53}},"20":{"start":{"line":86,"column":20},"end":{"line":86,"column":86}},"21":{"start":{"line":87,"column":4},"end":{"line":90,"column":5}},"22":{"start":{"line":88,"column":6},"end":{"line":88,"column":58}},"23":{"start":{"line":89,"column":6},"end":{"line":89,"column":55}},"24":{"start":{"line":91,"column":4},"end":{"line":91,"column":19}},"25":{"start":{"line":104,"column":4},"end":{"line":104,"column":73}},"26":{"start":{"line":105,"column":20},"end":{"line":105,"column":49}},"27":{"start":{"line":108,"column":4},"end":{"line":111,"column":5}},"28":{"start":{"line":109,"column":6},"end":{"line":109,"column":94}},"29":{"start":{"line":110,"column":6},"end":{"line":110,"column":75}},"30":{"start":{"line":113,"column":20},"end":{"line":123,"column":6}},"31":{"start":{"line":124,"column":4},"end":{"line":124,"column":54}},"32":{"start":{"line":125,"column":4},"end":{"line":125,"column":19}},"33":{"start":{"line":137,"column":4},"end":{"line":137,"column":73}},"34":{"start":{"line":138,"column":20},"end":{"line":138,"column":49}},"35":{"start":{"line":141,"column":4},"end":{"line":144,"column":5}},"36":{"start":{"line":142,"column":6},"end":{"line":142,"column":94}},"37":{"start":{"line":143,"column":6},"end":{"line":143,"column":75}},"38":{"start":{"line":146,"column":4},"end":{"line":146,"column":67}},"39":{"start":{"line":147,"column":4},"end":{"line":147,"column":53}},"40":{"start":{"line":148,"column":4},"end":{"line":148,"column":16}},"41":{"start":{"line":11,"column":13},"end":{"line":11,"column":27}},"42":{"start":{"line":11,"column":13},"end":{"line":150,"column":null}}},"fnMap":{"0":{"name":"(anonymous_2)","decl":{"start":{"line":14,"column":2},"end":{"line":14,"column":31}},"loc":{"start":{"line":14,"column":52},"end":{"line":14,"column":56}}},"1":{"name":"(anonymous_3)","decl":{"start":{"line":21,"column":10},"end":{"line":21,"column":15}},"loc":{"start":{"line":21,"column":47},"end":{"line":26,"column":3}}},"2":{"name":"(anonymous_4)","decl":{"start":{"line":35,"column":2},"end":{"line":35,"column":7}},"loc":{"start":{"line":35,"column":52},"end":{"line":51,"column":3}}},"3":{"name":"(anonymous_5)","decl":{"start":{"line":61,"column":2},"end":{"line":61,"column":7}},"loc":{"start":{"line":61,"column":52},"end":{"line":76,"column":3}}},"4":{"name":"(anonymous_6)","decl":{"start":{"line":84,"column":2},"end":{"line":84,"column":7}},"loc":{"start":{"line":84,"column":33},"end":{"line":92,"column":3}}},"5":{"name":"(anonymous_7)","decl":{"start":{"line":103,"column":2},"end":{"line":103,"column":7}},"loc":{"start":{"line":103,"column":71},"end":{"line":126,"column":3}}},"6":{"name":"(anonymous_8)","decl":{"start":{"line":136,"column":2},"end":{"line":136,"column":7}},"loc":{"start":{"line":136,"column":48},"end":{"line":149,"column":3}}}},"branchMap":{"0":{"loc":{"start":{"line":23,"column":4},"end":{"line":25,"column":5}},"type":"if","locations":[{"start":{"line":23,"column":4},"end":{"line":25,"column":5}},{"start":{},"end":{}}]},"1":{"loc":{"start":{"line":42,"column":21},"end":{"line":42,"column":44}},"type":"binary-expr","locations":[{"start":{"line":42,"column":21},"end":{"line":42,"column":36}},{"start":{"line":42,"column":40},"end":{"line":42,"column":44}}]},"2":{"loc":{"start":{"line":43,"column":14},"end":{"line":43,"column":30}},"type":"binary-expr","locations":[{"start":{"line":43,"column":14},"end":{"line":43,"column":22}},{"start":{"line":43,"column":26},"end":{"line":43,"column":30}}]},"3":{"loc":{"start":{"line":44,"column":18},"end":{"line":44,"column":62}},"type":"cond-expr","locations":[{"start":{"line":44,"column":33},"end":{"line":44,"column":55}},{"start":{"line":44,"column":58},"end":{"line":44,"column":62}}]},"4":{"loc":{"start":{"line":45,"column":25},"end":{"line":45,"column":52}},"type":"binary-expr","locations":[{"start":{"line":45,"column":25},"end":{"line":45,"column":44}},{"start":{"line":45,"column":48},"end":{"line":45,"column":52}}]},"5":{"loc":{"start":{"line":46,"column":14},"end":{"line":46,"column":30}},"type":"binary-expr","locations":[{"start":{"line":46,"column":14},"end":{"line":46,"column":22}},{"start":{"line":46,"column":26},"end":{"line":46,"column":30}}]},"6":{"loc":{"start":{"line":61,"column":29},"end":{"line":61,"column":37}},"type":"default-arg","locations":[{"start":{"line":61,"column":36},"end":{"line":61,"column":37}}]},"7":{"loc":{"start":{"line":61,"column":39},"end":{"line":61,"column":52}},"type":"default-arg","locations":[{"start":{"line":61,"column":50},"end":{"line":61,"column":52}}]},"8":{"loc":{"start":{"line":87,"column":4},"end":{"line":90,"column":5}},"type":"if","locations":[{"start":{"line":87,"column":4},"end":{"line":90,"column":5}},{"start":{},"end":{}}]},"9":{"loc":{"start":{"line":108,"column":4},"end":{"line":111,"column":5}},"type":"if","locations":[{"start":{"line":108,"column":4},"end":{"line":111,"column":5}},{"start":{},"end":{}}]},"10":{"loc":{"start":{"line":117,"column":21},"end":{"line":117,"column":44}},"type":"binary-expr","locations":[{"start":{"line":117,"column":21},"end":{"line":117,"column":36}},{"start":{"line":117,"column":40},"end":{"line":117,"column":44}}]},"11":{"loc":{"start":{"line":118,"column":14},"end":{"line":118,"column":30}},"type":"binary-expr","locations":[{"start":{"line":118,"column":14},"end":{"line":118,"column":22}},{"start":{"line":118,"column":26},"end":{"line":118,"column":30}}]},"12":{"loc":{"start":{"line":119,"column":18},"end":{"line":119,"column":62}},"type":"cond-expr","locations":[{"start":{"line":119,"column":33},"end":{"line":119,"column":55}},{"start":{"line":119,"column":58},"end":{"line":119,"column":62}}]},"13":{"loc":{"start":{"line":120,"column":25},"end":{"line":120,"column":52}},"type":"binary-expr","locations":[{"start":{"line":120,"column":25},"end":{"line":120,"column":44}},{"start":{"line":120,"column":48},"end":{"line":120,"column":52}}]},"14":{"loc":{"start":{"line":121,"column":14},"end":{"line":121,"column":30}},"type":"binary-expr","locations":[{"start":{"line":121,"column":14},"end":{"line":121,"column":22}},{"start":{"line":121,"column":26},"end":{"line":121,"column":30}}]},"15":{"loc":{"start":{"line":141,"column":4},"end":{"line":144,"column":5}},"type":"if","locations":[{"start":{"line":141,"column":4},"end":{"line":144,"column":5}},{"start":{},"end":{}}]}},"s":{"0":0,"1":0,"2":0,"3":0,"4":0,"5":0,"6":0,"7":0,"8":0,"9":0,"10":0,"11":0,"12":0,"13":0,"14":0,"15":0,"16":0,"17":0,"18":0,"19":0,"20":0,"21":0,"22":0,"23":0,"24":0,"25":0,"26":0,"27":0,"28":0,"29":0,"30":0,"31":0,"32":0,"33":0,"34":0,"35":0,"36":0,"37":0,"38":0,"39":0,"40":0,"41":0,"42":0},"f":{"0":0,"1":0,"2":0,"3":0,"4":0,"5":0,"6":0},"b":{"0":[0,0],"1":[0,0],"2":[0,0],"3":[0,0],"4":[0,0],"5":[0,0],"6":[0],"7":[0],"8":[0,0],"9":[0,0],"10":[0,0],"11":[0,0],"12":[0,0],"13":[0,0],"14":[0,0],"15":[0,0]}}
,"D:\\Code\\VSCode_Project\\StudyFlowNote\\backend\\src\\modules\\project\\dto\\create-project.dto.ts": {"path":"D:\\Code\\VSCode_Project\\StudyFlowNote\\backend\\src\\modules\\project\\dto\\create-project.dto.ts","statementMap":{"0":{"start":{"line":1,"column":0},"end":{"line":1,"column":93}},"1":{"start":{"line":3,"column":0},"end":{"line":3,"column":13}},"2":{"start":{"line":6,"column":2},"end":{"line":6,"column":null}},"3":{"start":{"line":10,"column":2},"end":{"line":10,"column":null}},"4":{"start":{"line":14,"column":2},"end":{"line":14,"column":null}},"5":{"start":{"line":18,"column":2},"end":{"line":18,"column":null}},"6":{"start":{"line":23,"column":2},"end":{"line":23,"column":null}},"7":{"start":{"line":27,"column":2},"end":{"line":27,"column":null}}},"fnMap":{},"branchMap":{},"s":{"0":0,"1":0,"2":0,"3":0,"4":0,"5":0,"6":0,"7":0},"f":{},"b":{}}
,"D:\\Code\\VSCode_Project\\StudyFlowNote\\backend\\src\\modules\\project\\dto\\list-project-query.dto.ts": {"path":"D:\\Code\\VSCode_Project\\StudyFlowNote\\backend\\src\\modules\\project\\dto\\list-project-query.dto.ts","statementMap":{"0":{"start":{"line":1,"column":0},"end":{"line":1,"column":41}},"1":{"start":{"line":2,"column":0},"end":{"line":2,"column":62}},"2":{"start":{"line":4,"column":0},"end":{"line":4,"column":13}},"3":{"start":{"line":9,"column":2},"end":{"line":9,"column":null}},"4":{"start":{"line":5,"column":14},"end":{"line":5,"column":20}},"5":{"start":{"line":16,"column":2},"end":{"line":16,"column":null}},"6":{"start":{"line":11,"column":14},"end":{"line":11,"column":20}}},"fnMap":{"0":{"name":"(anonymous_2)","decl":{"start":{"line":5,"column":8},"end":{"line":5,"column":11}},"loc":{"start":{"line":5,"column":14},"end":{"line":5,"column":20}}},"1":{"name":"(anonymous_3)","decl":{"start":{"line":11,"column":8},"end":{"line":11,"column":11}},"loc":{"start":{"line":11,"column":14},"end":{"line":11,"column":20}}}},"branchMap":{},"s":{"0":0,"1":0,"2":0,"3":0,"4":0,"5":0,"6":0},"f":{"0":0,"1":0},"b":{}}
,"D:\\Code\\VSCode_Project\\StudyFlowNote\\backend\\src\\modules\\project\\dto\\update-project.dto.ts": {"path":"D:\\Code\\VSCode_Project\\StudyFlowNote\\backend\\src\\modules\\project\\dto\\update-project.dto.ts","statementMap":{"0":{"start":{"line":1,"column":0},"end":{"line":1,"column":81}},"1":{"start":{"line":3,"column":0},"end":{"line":3,"column":13}},"2":{"start":{"line":6,"column":2},"end":{"line":6,"column":null}},"3":{"start":{"line":10,"column":2},"end":{"line":10,"column":null}},"4":{"start":{"line":14,"column":2},"end":{"line":14,"column":null}},"5":{"start":{"line":18,"column":2},"end":{"line":18,"column":null}},"6":{"start":{"line":23,"column":2},"end":{"line":23,"column":null}},"7":{"start":{"line":27,"column":2},"end":{"line":27,"column":null}}},"fnMap":{},"branchMap":{},"s":{"0":0,"1":0,"2":0,"3":0,"4":0,"5":0,"6":0,"7":0},"f":{},"b":{}}
,"D:\\Code\\VSCode_Project\\StudyFlowNote\\backend\\src\\prisma\\prisma.module.ts": {"path":"D:\\Code\\VSCode_Project\\StudyFlowNote\\backend\\src\\prisma\\prisma.module.ts","statementMap":{"0":{"start":{"line":1,"column":0},"end":{"line":1,"column":48}},"1":{"start":{"line":2,"column":0},"end":{"line":2,"column":49}},"2":{"start":{"line":9,"column":7},"end":{"line":9,"column":null}},"3":{"start":{"line":9,"column":13},"end":{"line":9,"column":25}},"4":{"start":{"line":9,"column":13},"end":{"line":9,"column":null}}},"fnMap":{},"branchMap":{},"s":{"0":0,"1":0,"2":0,"3":0,"4":0},"f":{},"b":{}}
,"D:\\Code\\VSCode_Project\\StudyFlowNote\\backend\\src\\prisma\\prisma.service.ts": {"path":"D:\\Code\\VSCode_Project\\StudyFlowNote\\backend\\src\\prisma\\prisma.service.ts","statementMap":{"0":{"start":{"line":1,"column":0},"end":{"line":1,"column":83}},"1":{"start":{"line":2,"column":0},"end":{"line":2,"column":46}},"2":{"start":{"line":3,"column":0},"end":{"line":3,"column":51}},"3":{"start":{"line":6,"column":26},"end":{"line":45,"column":null}},"4":{"start":{"line":10,"column":19},"end":{"line":10,"column":43}},"5":{"start":{"line":11,"column":4},"end":{"line":13,"column":5}},"6":{"start":{"line":12,"column":6},"end":{"line":12,"column":49}},"7":{"start":{"line":15,"column":16},"end":{"line":15,"column":31}},"8":{"start":{"line":16,"column":19},"end":{"line":16,"column":61}},"9":{"start":{"line":19,"column":20},"end":{"line":19,"column":51}},"10":{"start":{"line":20,"column":4},"end":{"line":22,"column":5}},"11":{"start":{"line":21,"column":6},"end":{"line":21,"column":65}},"12":{"start":{"line":24,"column":29},"end":{"line":24,"column":43}},"13":{"start":{"line":25,"column":20},"end":{"line":25,"column":66}},"14":{"start":{"line":27,"column":4},"end":{"line":30,"column":7}},"15":{"start":{"line":7,"column":19},"end":{"line":7,"column":59}},"16":{"start":{"line":34,"column":4},"end":{"line":34,"column":26}},"17":{"start":{"line":36,"column":19},"end":{"line":37,"column":null}},"18":{"start":{"line":39,"column":4},"end":{"line":39,"column":70}},"19":{"start":{"line":43,"column":4},"end":{"line":43,"column":29}},"20":{"start":{"line":6,"column":13},"end":{"line":6,"column":26}},"21":{"start":{"line":6,"column":13},"end":{"line":45,"column":null}}},"fnMap":{"0":{"name":"(anonymous_2)","decl":{"start":{"line":9,"column":2},"end":{"line":9,"column":null}},"loc":{"start":{"line":9,"column":2},"end":{"line":31,"column":3}}},"1":{"name":"(anonymous_3)","decl":{"start":{"line":33,"column":2},"end":{"line":33,"column":7}},"loc":{"start":{"line":33,"column":20},"end":{"line":40,"column":3}}},"2":{"name":"(anonymous_4)","decl":{"start":{"line":42,"column":2},"end":{"line":42,"column":7}},"loc":{"start":{"line":42,"column":23},"end":{"line":44,"column":3}}}},"branchMap":{"0":{"loc":{"start":{"line":11,"column":4},"end":{"line":13,"column":5}},"type":"if","locations":[{"start":{"line":11,"column":4},"end":{"line":13,"column":5}},{"start":{},"end":{}}]},"1":{"loc":{"start":{"line":16,"column":19},"end":{"line":16,"column":61}},"type":"binary-expr","locations":[{"start":{"line":16,"column":19},"end":{"line":16,"column":49}},{"start":{"line":16,"column":53},"end":{"line":16,"column":61}}]},"2":{"loc":{"start":{"line":20,"column":4},"end":{"line":22,"column":5}},"type":"if","locations":[{"start":{"line":20,"column":4},"end":{"line":22,"column":5}},{"start":{},"end":{}}]}},"s":{"0":3,"1":3,"2":3,"3":3,"4":0,"5":0,"6":0,"7":0,"8":0,"9":0,"10":0,"11":0,"12":0,"13":0,"14":0,"15":0,"16":0,"17":0,"18":0,"19":0,"20":3,"21":3},"f":{"0":0,"1":0,"2":0},"b":{"0":[0,0],"1":[0,0],"2":[0,0]}}
}
