TN:
SF:src\app.module.ts
FNF:0
FNH:0
DA:1,0
DA:2,0
DA:3,0
DA:4,0
DA:5,0
DA:6,0
DA:7,0
DA:8,0
DA:9,0
DA:10,0
DA:38,0
LF:11
LH:0
BRDA:20,0,0,0
BRDA:20,0,1,0
BRDA:21,1,0,0
BRDA:21,1,1,0
BRF:4
BRH:0
end_of_record
TN:
SF:src\main.ts
FN:8,bootstrap
FNF:1
FNH:0
FNDA:0,bootstrap
DA:1,0
DA:2,0
DA:3,0
DA:4,0
DA:5,0
DA:6,0
DA:9,0
DA:12,0
DA:21,0
DA:24,0
DA:27,0
DA:30,0
DA:36,0
DA:37,0
DA:39,0
DA:40,0
DA:41,0
DA:42,0
DA:44,0
LF:19
LH:0
BRDA:39,0,0,0
BRDA:39,0,1,0
BRF:2
BRH:0
end_of_record
TN:
SF:src\common\dto\response.dto.ts
FN:28,(anonymous_0)
FN:38,(anonymous_1)
FN:45,(anonymous_2)
FNF:3
FNH:2
FNDA:3,(anonymous_0)
FNDA:3,(anonymous_1)
FNDA:0,(anonymous_2)
DA:1,1
DA:7,1
DA:29,3
DA:30,3
DA:31,3
DA:32,3
DA:39,3
DA:46,0
LF:8
LH:7
BRDA:28,0,0,0
BRDA:28,1,0,0
BRDA:38,2,0,3
BRF:3
BRH:1
end_of_record
TN:
SF:src\common\enums\error-code.enum.ts
FN:7,(anonymous_0)
FNF:1
FNH:1
FNDA:1,(anonymous_0)
DA:7,1
DA:9,1
DA:12,1
DA:13,1
DA:14,1
DA:15,1
DA:16,1
DA:19,1
DA:20,1
DA:21,1
LF:10
LH:10
BRDA:7,0,0,1
BRDA:7,0,1,1
BRF:2
BRH:2
end_of_record
TN:
SF:src\common\filters\http-exception.filter.ts
FN:15,(anonymous_1)
FN:18,(anonymous_2)
FN:72,(anonymous_3)
FN:90,(anonymous_4)
FN:104,(anonymous_5)
FNF:5
FNH:0
FNDA:0,(anonymous_1)
FNDA:0,(anonymous_2)
FNDA:0,(anonymous_3)
FNDA:0,(anonymous_4)
FNDA:0,(anonymous_5)
DA:1,0
DA:10,0
DA:11,0
DA:12,0
DA:15,0
DA:16,0
DA:19,0
DA:20,0
DA:21,0
DA:23,0
DA:24,0
DA:25,0
DA:28,0
DA:31,0
DA:32,0
DA:33,0
DA:35,0
DA:36,0
DA:37,0
DA:38,0
DA:39,0
DA:42,0
DA:43,0
DA:44,0
DA:51,0
DA:54,0
DA:55,0
DA:56,0
DA:57,0
DA:60,0
DA:61,0
DA:64,0
DA:66,0
DA:73,0
DA:74,0
DA:76,0
DA:77,0
DA:78,0
DA:79,0
DA:80,0
DA:81,0
DA:83,0
DA:91,0
DA:98,0
DA:105,0
DA:107,0
DA:109,0
DA:111,0
DA:113,0
LF:49
LH:0
BRDA:31,0,0,0
BRDA:31,0,1,0
BRDA:35,1,0,0
BRDA:35,1,1,0
BRDA:37,2,0,0
BRDA:37,2,1,0
BRDA:39,3,0,0
BRDA:39,3,1,0
BRDA:42,4,0,0
BRDA:42,4,1,0
BRDA:42,5,0,0
BRDA:42,5,1,0
BRDA:44,6,0,0
BRDA:44,6,1,0
BRDA:54,7,0,0
BRDA:54,7,1,0
BRDA:60,8,0,0
BRDA:60,8,1,0
BRDA:74,9,0,0
BRDA:74,9,1,0
BRDA:76,10,0,0
BRDA:76,10,1,0
BRDA:78,11,0,0
BRDA:78,11,1,0
BRDA:80,12,0,0
BRDA:80,12,1,0
BRDA:98,13,0,0
BRDA:98,13,1,0
BRDA:105,14,0,0
BRDA:105,14,1,0
BRDA:105,14,2,0
BRDA:105,14,3,0
BRF:32
BRH:0
end_of_record
TN:
SF:src\common\interceptors\success.interceptor.ts
FN:13,(anonymous_1)
FN:18,(anonymous_2)
FNF:2
FNH:0
FNDA:0,(anonymous_1)
FNDA:0,(anonymous_2)
DA:1,0
DA:8,0
DA:9,0
DA:12,0
DA:17,0
DA:20,0
DA:21,0
DA:24,0
LF:8
LH:0
BRDA:20,0,0,0
BRDA:20,0,1,0
BRF:2
BRH:0
end_of_record
TN:
SF:src\modules\auth\auth.controller.ts
FN:15,(anonymous_4)
FN:20,(anonymous_5)
FN:28,(anonymous_6)
FN:37,(anonymous_7)
FNF:4
FNH:0
FNDA:0,(anonymous_4)
FNDA:0,(anonymous_5)
FNDA:0,(anonymous_6)
FNDA:0,(anonymous_7)
DA:1,0
DA:2,0
DA:3,0
DA:4,0
DA:5,0
DA:6,0
DA:7,0
DA:8,0
DA:9,0
DA:14,0
DA:15,0
DA:20,0
DA:21,0
DA:22,0
DA:28,0
DA:29,0
DA:30,0
DA:37,0
DA:38,0
DA:39,0
LF:20
LH:0
BRF:0
BRH:0
end_of_record
TN:
SF:src\modules\auth\auth.module.ts
FNF:0
FNH:0
DA:1,0
DA:2,0
DA:3,0
DA:4,0
DA:11,0
LF:5
LH:0
BRF:0
BRH:0
end_of_record
TN:
SF:src\modules\auth\auth.service.ts
FN:16,(anonymous_11)
FN:21,(anonymous_12)
FN:57,(anonymous_13)
FN:92,(anonymous_14)
FN:104,(anonymous_15)
FN:122,(anonymous_16)
FN:128,(anonymous_17)
FN:134,(anonymous_18)
FNF:8
FNH:0
FNDA:0,(anonymous_11)
FNDA:0,(anonymous_12)
FNDA:0,(anonymous_13)
FNDA:0,(anonymous_14)
FNDA:0,(anonymous_15)
FNDA:0,(anonymous_16)
FNDA:0,(anonymous_17)
FNDA:0,(anonymous_18)
DA:1,0
DA:2,0
DA:5,0
DA:6,0
DA:9,0
DA:10,0
DA:13,0
DA:14,0
DA:16,0
DA:22,0
DA:24,0
DA:25,0
DA:29,0
DA:30,0
DA:31,0
DA:34,0
DA:36,0
DA:44,0
DA:46,0
DA:47,0
DA:49,0
DA:50,0
DA:58,0
DA:60,0
DA:64,0
DA:65,0
DA:66,0
DA:69,0
DA:70,0
DA:71,0
DA:72,0
DA:75,0
DA:77,0
DA:79,0
DA:93,0
DA:94,0
DA:96,0
DA:97,0
DA:105,0
DA:115,0
DA:116,0
DA:119,0
DA:123,0
DA:124,0
DA:125,0
DA:129,0
DA:130,0
DA:131,0
DA:135,0
DA:136,0
LF:50
LH:0
BRDA:9,0,0,0
BRDA:9,0,1,0
BRDA:10,1,0,0
BRDA:10,1,1,0
BRDA:29,2,0,0
BRDA:29,2,1,0
BRDA:64,3,0,0
BRDA:64,3,1,0
BRDA:70,4,0,0
BRDA:70,4,1,0
BRDA:115,5,0,0
BRDA:115,5,1,0
BRF:12
BRH:0
end_of_record
TN:
SF:src\modules\auth\decorators\current-user.decorator.ts
FN:19,(anonymous_0)
FNF:1
FNH:0
FNDA:0,(anonymous_0)
DA:1,1
DA:18,1
DA:20,0
DA:21,0
DA:22,0
LF:5
LH:2
BRDA:22,0,0,0
BRDA:22,0,1,0
BRF:2
BRH:0
end_of_record
TN:
SF:src\modules\auth\decorators\public.decorator.ts
FN:15,(anonymous_0)
FNF:1
FNH:0
FNDA:0,(anonymous_0)
DA:1,0
DA:3,0
DA:15,0
LF:3
LH:0
BRF:0
BRH:0
end_of_record
TN:
SF:src\modules\auth\dto\login.dto.ts
FNF:0
FNH:0
DA:1,0
DA:2,0
DA:4,0
DA:7,0
DA:12,0
LF:5
LH:0
BRF:0
BRH:0
end_of_record
TN:
SF:src\modules\auth\dto\register.dto.ts
FNF:0
FNH:0
DA:1,0
DA:2,0
DA:4,0
DA:7,0
DA:12,0
DA:17,0
LF:6
LH:0
BRF:0
BRH:0
end_of_record
TN:
SF:src\modules\auth\guards\jwt-auth.guard.ts
FN:22,(anonymous_2)
FN:27,(anonymous_3)
FN:55,(anonymous_4)
FNF:3
FNH:0
FNDA:0,(anonymous_2)
FNDA:0,(anonymous_3)
FNDA:0,(anonymous_4)
DA:1,0
DA:7,0
DA:8,0
DA:9,0
DA:21,0
DA:23,0
DA:24,0
DA:29,0
DA:34,0
DA:35,0
DA:38,0
DA:39,0
DA:41,0
DA:42,0
DA:45,0
DA:46,0
DA:47,0
DA:49,0
DA:52,0
DA:56,0
DA:57,0
LF:21
LH:0
BRDA:34,0,0,0
BRDA:34,0,1,0
BRDA:41,1,0,0
BRDA:41,1,1,0
BRDA:56,2,0,0
BRDA:56,2,1,0
BRDA:57,3,0,0
BRDA:57,3,1,0
BRF:8
BRH:0
end_of_record
TN:
SF:src\modules\health\health.controller.ts
FN:8,(anonymous_2)
FN:12,(anonymous_3)
FNF:2
FNH:0
FNDA:0,(anonymous_2)
FNDA:0,(anonymous_3)
DA:1,0
DA:2,0
DA:3,0
DA:7,0
DA:8,0
DA:12,0
DA:13,0
LF:7
LH:0
BRF:0
BRH:0
end_of_record
TN:
SF:src\modules\health\health.module.ts
FNF:0
FNH:0
DA:1,0
DA:2,0
DA:3,0
DA:9,0
LF:4
LH:0
BRF:0
BRH:0
end_of_record
TN:
SF:src\modules\health\health.service.ts
FN:6,(anonymous_2)
FN:8,(anonymous_3)
FNF:2
FNH:0
FNDA:0,(anonymous_2)
FNDA:0,(anonymous_3)
DA:1,0
DA:2,0
DA:5,0
DA:6,0
DA:9,0
DA:10,0
DA:11,0
DA:17,0
LF:8
LH:0
BRF:0
BRH:0
end_of_record
TN:
SF:src\modules\material\material.controller.ts
FN:29,(anonymous_4)
FN:38,(anonymous_5)
FN:83,(anonymous_6)
FN:98,(anonymous_7)
FNF:4
FNH:4
FNDA:7,(anonymous_4)
FNDA:2,(anonymous_5)
FNDA:3,(anonymous_6)
FNDA:2,(anonymous_7)
DA:1,1
DA:16,1
DA:17,1
DA:18,1
DA:19,1
DA:20,1
DA:21,1
DA:23,1
DA:24,1
DA:28,1
DA:29,7
DA:38,1
DA:52,2
DA:53,1
DA:57,1
DA:58,1
DA:59,1
DA:60,0
DA:61,0
DA:64,1
DA:74,1
DA:83,1
DA:87,3
DA:88,1
DA:89,1
DA:98,1
DA:102,2
DA:106,2
DA:107,1
DA:109,1
DA:114,1
LF:31
LH:29
BRDA:52,0,0,1
BRDA:52,0,1,1
BRDA:58,1,0,1
BRDA:58,1,1,0
BRDA:60,2,0,0
BRDA:60,2,1,0
BRDA:60,3,0,0
BRDA:60,3,1,0
BRDA:67,4,0,1
BRDA:67,4,1,0
BRDA:106,5,0,1
BRDA:106,5,1,1
BRF:12
BRH:6
end_of_record
TN:
SF:src\modules\material\material.module.ts
FNF:0
FNH:0
DA:1,0
DA:2,0
DA:3,0
DA:4,0
DA:5,0
DA:6,0
DA:18,0
LF:7
LH:0
BRF:0
BRH:0
end_of_record
TN:
SF:src\modules\material\material.service.ts
FN:29,(anonymous_13)
FN:41,(anonymous_14)
FN:107,(anonymous_15)
FN:128,(anonymous_16)
FN:143,(anonymous_17)
FN:162,(anonymous_18)
FN:179,(anonymous_19)
FN:213,(anonymous_20)
FN:233,(anonymous_21)
FN:263,(anonymous_22)
FN:289,(anonymous_23)
FNF:11
FNH:11
FNDA:37,(anonymous_13)
FNDA:7,(anonymous_14)
FNDA:8,(anonymous_15)
FNDA:12,(anonymous_16)
FNDA:1,(anonymous_17)
FNDA:1,(anonymous_18)
FNDA:19,(anonymous_19)
FNDA:3,(anonymous_20)
FNDA:3,(anonymous_21)
FNDA:3,(anonymous_22)
FNDA:2,(anonymous_23)
DA:1,3
DA:9,3
DA:10,3
DA:11,3
DA:13,3
DA:14,3
DA:15,3
DA:16,3
DA:25,3
DA:26,37
DA:30,37
DA:31,37
DA:32,37
DA:34,37
DA:42,7
DA:45,7
DA:49,7
DA:50,1
DA:53,6
DA:54,1
DA:58,5
DA:67,5
DA:70,5
DA:71,2
DA:72,1
DA:81,1
DA:85,4
DA:98,4
DA:108,8
DA:111,7
DA:114,7
DA:115,7
DA:116,7
DA:117,7
DA:120,7
DA:122,7
DA:129,12
DA:133,12
DA:134,3
DA:137,9
DA:144,1
DA:146,1
DA:156,1
DA:163,1
DA:165,1
DA:170,1
DA:172,1
DA:181,19
DA:182,1
DA:186,18
DA:189,18
DA:190,2
DA:194,16
DA:197,16
DA:198,16
DA:200,16
DA:201,0
DA:204,16
DA:214,3
DA:218,3
DA:219,1
DA:222,2
DA:234,3
DA:238,3
DA:239,1
DA:242,2
DA:246,2
DA:247,0
DA:250,2
DA:251,1
DA:254,1
DA:268,3
DA:270,2
DA:279,2
DA:281,2
DA:290,2
DA:292,1
DA:300,1
DA:302,1
LF:79
LH:77
BRDA:49,0,0,1
BRDA:49,0,1,6
BRDA:53,1,0,1
BRDA:53,1,1,5
BRDA:61,2,0,5
BRDA:61,2,1,0
BRDA:70,3,0,2
BRDA:70,3,1,3
BRDA:133,4,0,3
BRDA:133,4,1,9
BRDA:143,5,0,0
BRDA:143,6,0,0
BRDA:181,7,0,1
BRDA:181,7,1,18
BRDA:181,8,0,19
BRDA:181,8,1,18
BRDA:189,9,0,2
BRDA:189,9,1,16
BRDA:200,10,0,0
BRDA:200,10,1,16
BRDA:218,11,0,1
BRDA:218,11,1,2
BRDA:238,12,0,1
BRDA:238,12,1,2
BRDA:246,13,0,0
BRDA:246,13,1,2
BRDA:250,14,0,1
BRDA:250,14,1,1
BRDA:266,15,0,2
BRF:29
BRH:24
end_of_record
TN:
SF:src\modules\material\dto\create-material.dto.ts
FNF:0
FNH:0
DA:1,1
DA:3,1
DA:6,1
DA:10,1
LF:4
LH:4
BRF:0
BRH:0
end_of_record
TN:
SF:src\modules\material\dto\list-material-query.dto.ts
FN:3,(anonymous_2)
FNF:1
FNH:0
FNDA:0,(anonymous_2)
DA:1,1
DA:3,1
DA:6,1
DA:11,1
DA:16,1
LF:5
LH:5
BRF:0
BRH:0
end_of_record
TN:
SF:src\modules\material\processors\content-extractor.ts
FN:5,(anonymous_10)
FN:24,(anonymous_11)
FN:54,(anonymous_12)
FN:65,(anonymous_13)
FN:73,(anonymous_14)
FNF:5
FNH:4
FNDA:16,(anonymous_10)
FNDA:11,(anonymous_11)
FNDA:3,(anonymous_12)
FNDA:6,(anonymous_13)
FNDA:0,(anonymous_14)
DA:1,2
DA:2,2
DA:5,2
DA:6,16
DA:9,2
DA:25,11
DA:28,11
DA:29,11
DA:31,1
DA:34,10
DA:36,3
DA:41,6
DA:44,0
DA:47,1
DA:56,3
DA:57,3
DA:58,3
DA:59,2
DA:66,6
DA:67,6
DA:75,0
DA:77,0
DA:79,0
DA:84,0
DA:85,0
LF:25
LH:19
BRDA:34,0,0,3
BRDA:34,0,1,5
BRDA:34,0,2,6
BRDA:34,0,3,6
BRDA:34,0,4,0
BRDA:34,0,5,1
BRDA:59,1,0,2
BRDA:59,1,1,1
BRDA:85,2,0,0
BRDA:85,2,1,0
BRF:10
BRH:7
end_of_record
TN:
SF:src\modules\material\processors\material.processor.ts
FN:12,(anonymous_2)
FN:21,(anonymous_3)
FN:71,(anonymous_4)
FNF:3
FNH:3
FNDA:17,(anonymous_2)
FNDA:14,(anonymous_3)
FNDA:3,(anonymous_4)
DA:1,1
DA:2,1
DA:4,1
DA:5,1
DA:6,1
DA:9,1
DA:10,17
DA:13,17
DA:14,17
DA:21,1
DA:22,14
DA:23,14
DA:25,14
DA:27,14
DA:30,13
DA:31,1
DA:35,12
DA:38,12
DA:39,12
DA:40,3
DA:44,9
DA:50,4
DA:52,4
DA:54,10
DA:60,10
DA:63,10
DA:71,1
DA:72,3
DA:73,3
DA:79,3
DA:80,3
DA:81,2
DA:82,1
DA:88,1
LF:34
LH:34
BRDA:30,0,0,1
BRDA:30,0,1,12
BRDA:38,1,0,12
BRDA:38,1,1,1
BRDA:39,2,0,3
BRDA:39,2,1,9
BRDA:55,3,0,10
BRDA:55,3,1,0
BRDA:81,4,0,1
BRDA:81,4,1,1
BRF:10
BRH:9
end_of_record
TN:
SF:src\modules\project\project.controller.ts
FN:28,(anonymous_4)
FN:38,(anonymous_5)
FN:54,(anonymous_6)
FN:75,(anonymous_7)
FN:89,(anonymous_8)
FN:106,(anonymous_9)
FNF:6
FNH:0
FNDA:0,(anonymous_4)
FNDA:0,(anonymous_5)
FNDA:0,(anonymous_6)
FNDA:0,(anonymous_7)
FNDA:0,(anonymous_8)
FNDA:0,(anonymous_9)
DA:1,0
DA:11,0
DA:12,0
DA:13,0
DA:14,0
DA:15,0
DA:16,0
DA:17,0
DA:18,0
DA:27,0
DA:28,0
DA:38,0
DA:42,0
DA:43,0
DA:54,0
DA:58,0
DA:63,0
DA:75,0
DA:76,0
DA:77,0
DA:89,0
DA:94,0
DA:95,0
DA:106,0
DA:110,0
DA:111,0
LF:26
LH:0
BRF:0
BRH:0
end_of_record
TN:
SF:src\modules\project\project.module.ts
FNF:0
FNH:0
DA:1,0
DA:2,0
DA:3,0
DA:9,0
LF:4
LH:0
BRF:0
BRH:0
end_of_record
TN:
SF:src\modules\project\project.service.ts
FN:14,(anonymous_2)
FN:21,(anonymous_3)
FN:35,(anonymous_4)
FN:61,(anonymous_5)
FN:84,(anonymous_6)
FN:103,(anonymous_7)
FN:136,(anonymous_8)
FNF:7
FNH:0
FNDA:0,(anonymous_2)
FNDA:0,(anonymous_3)
FNDA:0,(anonymous_4)
FNDA:0,(anonymous_5)
FNDA:0,(anonymous_6)
FNDA:0,(anonymous_7)
FNDA:0,(anonymous_8)
DA:1,0
DA:2,0
DA:11,0
DA:12,0
DA:14,0
DA:22,0
DA:23,0
DA:24,0
DA:36,0
DA:37,0
DA:38,0
DA:49,0
DA:50,0
DA:62,0
DA:63,0
DA:64,0
DA:65,0
DA:74,0
DA:75,0
DA:85,0
DA:86,0
DA:87,0
DA:88,0
DA:89,0
DA:91,0
DA:104,0
DA:105,0
DA:108,0
DA:109,0
DA:110,0
DA:113,0
DA:124,0
DA:125,0
DA:137,0
DA:138,0
DA:141,0
DA:142,0
DA:143,0
DA:146,0
DA:147,0
DA:148,0
LF:41
LH:0
BRDA:23,0,0,0
BRDA:23,0,1,0
BRDA:42,1,0,0
BRDA:42,1,1,0
BRDA:43,2,0,0
BRDA:43,2,1,0
BRDA:44,3,0,0
BRDA:44,3,1,0
BRDA:45,4,0,0
BRDA:45,4,1,0
BRDA:46,5,0,0
BRDA:46,5,1,0
BRDA:61,6,0,0
BRDA:61,7,0,0
BRDA:87,8,0,0
BRDA:87,8,1,0
BRDA:108,9,0,0
BRDA:108,9,1,0
BRDA:117,10,0,0
BRDA:117,10,1,0
BRDA:118,11,0,0
BRDA:118,11,1,0
BRDA:119,12,0,0
BRDA:119,12,1,0
BRDA:120,13,0,0
BRDA:120,13,1,0
BRDA:121,14,0,0
BRDA:121,14,1,0
BRDA:141,15,0,0
BRDA:141,15,1,0
BRF:30
BRH:0
end_of_record
TN:
SF:src\modules\project\dto\create-project.dto.ts
FNF:0
FNH:0
DA:1,0
DA:3,0
DA:6,0
DA:10,0
DA:14,0
DA:18,0
DA:23,0
DA:27,0
LF:8
LH:0
BRF:0
BRH:0
end_of_record
TN:
SF:src\modules\project\dto\list-project-query.dto.ts
FN:5,(anonymous_2)
FN:11,(anonymous_3)
FNF:2
FNH:0
FNDA:0,(anonymous_2)
FNDA:0,(anonymous_3)
DA:1,0
DA:2,0
DA:4,0
DA:5,0
DA:9,0
DA:11,0
DA:16,0
LF:7
LH:0
BRF:0
BRH:0
end_of_record
TN:
SF:src\modules\project\dto\update-project.dto.ts
FNF:0
FNH:0
DA:1,0
DA:3,0
DA:6,0
DA:10,0
DA:14,0
DA:18,0
DA:23,0
DA:27,0
LF:8
LH:0
BRF:0
BRH:0
end_of_record
TN:
SF:src\prisma\prisma.module.ts
FNF:0
FNH:0
DA:1,0
DA:2,0
DA:9,0
LF:3
LH:0
BRF:0
BRH:0
end_of_record
TN:
SF:src\prisma\prisma.service.ts
FN:9,(anonymous_2)
FN:33,(anonymous_3)
FN:42,(anonymous_4)
FNF:3
FNH:0
FNDA:0,(anonymous_2)
FNDA:0,(anonymous_3)
FNDA:0,(anonymous_4)
DA:1,3
DA:2,3
DA:3,3
DA:6,3
DA:7,0
DA:10,0
DA:11,0
DA:12,0
DA:15,0
DA:16,0
DA:19,0
DA:20,0
DA:21,0
DA:24,0
DA:25,0
DA:27,0
DA:34,0
DA:36,0
DA:39,0
DA:43,0
LF:20
LH:4
BRDA:11,0,0,0
BRDA:11,0,1,0
BRDA:16,1,0,0
BRDA:16,1,1,0
BRDA:20,2,0,0
BRDA:20,2,1,0
BRF:6
BRH:0
end_of_record
